# JRE version: OpenJDK Runtime Environment Temurin-21.0.8+9 (21.0.8+9) (build 21.0.8+9-LTS)
# Java VM: OpenJDK 64-Bit Server VM Temurin-21.0.8+9 (21.0.8+9-LTS, mixed mode, sharing, tiered, compressed oops, compressed class ptrs, parallel gc, windows-amd64)
GC Precious Log:
 CardTable entry size: 512
 CPUs: 8 total, 8 available
 Memory: 11972M
 Large Page Support: Disabled
 NUMA Support: Disabled
 Compressed Oops: Enabled (32-bit)
 Alignments: Space 512K, Generation 512K, Heap 2M
 Heap Min Capacity: 100M
 Heap Initial Capacity: 100M
 Heap Max Capacity: 2G
 Pre-touch: Disabled
 Parallel Workers: 8
Heap:
 PSYoungGen      total 6144K, used 1425K [0x00000000d5580000, 0x00000000d5c80000, 0x0000000100000000)
  eden space 5120K, 10% used [0x00000000d5580000,0x00000000d56084b8,0x00000000d5a80000)
  from space 1024K, 85% used [0x00000000d5b80000,0x00000000d5c5c010,0x00000000d5c80000)
  to   space 1024K, 0% used [0x00000000d5a80000,0x00000000d5a80000,0x00000000d5b80000)
 ParOldGen       total 198144K, used 197660K [0x0000000080000000, 0x000000008c180000, 0x00000000d5580000)
  object space 198144K, 99% used [0x0000000080000000,0x000000008c1073d0,0x000000008c180000)
 Metaspace       used 47419K, committed 48512K, reserved 1114112K
  class space    used 4437K, committed 4928K, reserved 1048576K
GC Heap History (20 events):
Event: 26.789 GC heap before
{Heap before GC invocations=202 (full 2):
 PSYoungGen      total 5632K, used 5216K [0x00000000d5580000, 0x00000000d5c00000, 0x0000000100000000)
  eden space 4608K, 100% used [0x00000000d5580000,0x00000000d5a00000,0x00000000d5a00000)
  from space 1024K, 59% used [0x00000000d5a00000,0x00000000d5a98040,0x00000000d5b00000)
  to   space 1024K, 0% used [0x00000000d5b00000,0x00000000d5b00000,0x00000000d5c00000)
 ParOldGen       total 183808K, used 183479K [0x0000000080000000, 0x000000008b380000, 0x00000000d5580000)
  object space 183808K, 99% used [0x0000000080000000,0x000000008b32dcb8,0x000000008b380000)
 Metaspace       used 47050K, committed 48128K, reserved 1114112K
  class space    used 4399K, committed 4928K, reserved 1048576K
}
Event: 26.791 GC heap after
{Heap after GC invocations=202 (full 2):
 PSYoungGen      total 5632K, used 832K [0x00000000d5580000, 0x00000000d5c00000, 0x0000000100000000)
  eden space 4608K, 0% used [0x00000000d5580000,0x00000000d5580000,0x00000000d5a00000)
  from space 1024K, 81% used [0x00000000d5b00000,0x00000000d5bd0000,0x00000000d5c00000)
  to   space 1024K, 0% used [0x00000000d5a00000,0x00000000d5a00000,0x00000000d5b00000)
 ParOldGen       total 184320K, used 183983K [0x0000000080000000, 0x000000008b400000, 0x00000000d5580000)
  object space 184320K, 99% used [0x0000000080000000,0x000000008b3abcf8,0x000000008b400000)
 Metaspace       used 47050K, committed 48128K, reserved 1114112K
  class space    used 4399K, committed 4928K, reserved 1048576K
}
Event: 26.802 GC heap before
{Heap before GC invocations=203 (full 2):
 PSYoungGen      total 5632K, used 5440K [0x00000000d5580000, 0x00000000d5c00000, 0x0000000100000000)
  eden space 4608K, 100% used [0x00000000d5580000,0x00000000d5a00000,0x00000000d5a00000)
  from space 1024K, 81% used [0x00000000d5b00000,0x00000000d5bd0000,0x00000000d5c00000)
  to   space 1024K, 0% used [0x00000000d5a00000,0x00000000d5a00000,0x00000000d5b00000)
 ParOldGen       total 184320K, used 183983K [0x0000000080000000, 0x000000008b400000, 0x00000000d5580000)
  object space 184320K, 99% used [0x0000000080000000,0x000000008b3abcf8,0x000000008b400000)
 Metaspace       used 47050K, committed 48128K, reserved 1114112K
  class space    used 4399K, committed 4928K, reserved 1048576K
}
Event: 26.804 GC heap after
{Heap after GC invocations=203 (full 2):
 PSYoungGen      total 5632K, used 576K [0x00000000d5580000, 0x00000000d5c00000, 0x0000000100000000)
  eden space 4608K, 0% used [0x00000000d5580000,0x00000000d5580000,0x00000000d5a00000)
  from space 1024K, 56% used [0x00000000d5a00000,0x00000000d5a90020,0x00000000d5b00000)
  to   space 1024K, 0% used [0x00000000d5b00000,0x00000000d5b00000,0x00000000d5c00000)
 ParOldGen       total 184832K, used 184672K [0x0000000080000000, 0x000000008b480000, 0x00000000d5580000)
  object space 184832K, 99% used [0x0000000080000000,0x000000008b458398,0x000000008b480000)
 Metaspace       used 47050K, committed 48128K, reserved 1114112K
  class space    used 4399K, committed 4928K, reserved 1048576K
}
Event: 26.821 GC heap before
{Heap before GC invocations=204 (full 2):
 PSYoungGen      total 5632K, used 5184K [0x00000000d5580000, 0x00000000d5c00000, 0x0000000100000000)
  eden space 4608K, 100% used [0x00000000d5580000,0x00000000d5a00000,0x00000000d5a00000)
  from space 1024K, 56% used [0x00000000d5a00000,0x00000000d5a90020,0x00000000d5b00000)
  to   space 1024K, 0% used [0x00000000d5b00000,0x00000000d5b00000,0x00000000d5c00000)
 ParOldGen       total 184832K, used 184672K [0x0000000080000000, 0x000000008b480000, 0x00000000d5580000)
  object space 184832K, 99% used [0x0000000080000000,0x000000008b458398,0x000000008b480000)
 Metaspace       used 47050K, committed 48128K, reserved 1114112K
  class space    used 4399K, committed 4928K, reserved 1048576K
}
Event: 26.824 GC heap after
{Heap after GC invocations=204 (full 2):
 PSYoungGen      total 4608K, used 1008K [0x00000000d5580000, 0x00000000d5e00000, 0x0000000100000000)
  eden space 3584K, 0% used [0x00000000d5580000,0x00000000d5580000,0x00000000d5900000)
  from space 1024K, 98% used [0x00000000d5b00000,0x00000000d5bfc010,0x00000000d5c00000)
  to   space 2048K, 0% used [0x00000000d5900000,0x00000000d5900000,0x00000000d5b00000)
 ParOldGen       total 185344K, used 185072K [0x0000000080000000, 0x000000008b500000, 0x00000000d5580000)
  object space 185344K, 99% used [0x0000000080000000,0x000000008b4bc3c8,0x000000008b500000)
 Metaspace       used 47050K, committed 48128K, reserved 1114112K
  class space    used 4399K, committed 4928K, reserved 1048576K
}
Event: 26.844 GC heap before
{Heap before GC invocations=205 (full 2):
 PSYoungGen      total 4608K, used 4592K [0x00000000d5580000, 0x00000000d5e00000, 0x0000000100000000)
  eden space 3584K, 100% used [0x00000000d5580000,0x00000000d5900000,0x00000000d5900000)
  from space 1024K, 98% used [0x00000000d5b00000,0x00000000d5bfc010,0x00000000d5c00000)
  to   space 2048K, 0% used [0x00000000d5900000,0x00000000d5900000,0x00000000d5b00000)
 ParOldGen       total 185344K, used 185072K [0x0000000080000000, 0x000000008b500000, 0x00000000d5580000)
  object space 185344K, 99% used [0x0000000080000000,0x000000008b4bc3c8,0x000000008b500000)
 Metaspace       used 47074K, committed 48128K, reserved 1114112K
  class space    used 4401K, committed 4928K, reserved 1048576K
}
Event: 26.846 GC heap after
{Heap after GC invocations=205 (full 2):
 PSYoungGen      total 4608K, used 672K [0x00000000d5580000, 0x00000000d5b80000, 0x0000000100000000)
  eden space 3584K, 0% used [0x00000000d5580000,0x00000000d5580000,0x00000000d5900000)
  from space 1024K, 65% used [0x00000000d5900000,0x00000000d59a8000,0x00000000d5a00000)
  to   space 1024K, 0% used [0x00000000d5a80000,0x00000000d5a80000,0x00000000d5b80000)
 ParOldGen       total 186368K, used 185913K [0x0000000080000000, 0x000000008b600000, 0x00000000d5580000)
  object space 186368K, 99% used [0x0000000080000000,0x000000008b58e408,0x000000008b600000)
 Metaspace       used 47074K, committed 48128K, reserved 1114112K
  class space    used 4401K, committed 4928K, reserved 1048576K
}
Event: 26.851 GC heap before
{Heap before GC invocations=206 (full 2):
 PSYoungGen      total 4608K, used 4256K [0x00000000d5580000, 0x00000000d5b80000, 0x0000000100000000)
  eden space 3584K, 100% used [0x00000000d5580000,0x00000000d5900000,0x00000000d5900000)
  from space 1024K, 65% used [0x00000000d5900000,0x00000000d59a8000,0x00000000d5a00000)
  to   space 1024K, 0% used [0x00000000d5a80000,0x00000000d5a80000,0x00000000d5b80000)
 ParOldGen       total 186368K, used 185913K [0x0000000080000000, 0x000000008b600000, 0x00000000d5580000)
  object space 186368K, 99% used [0x0000000080000000,0x000000008b58e408,0x000000008b600000)
 Metaspace       used 47084K, committed 48128K, reserved 1114112K
  class space    used 4405K, committed 4928K, reserved 1048576K
}
Event: 26.853 GC heap after
{Heap after GC invocations=206 (full 2):
 PSYoungGen      total 4096K, used 352K [0x00000000d5580000, 0x00000000d5b00000, 0x0000000100000000)
  eden space 3584K, 0% used [0x00000000d5580000,0x00000000d5580000,0x00000000d5900000)
  from space 512K, 68% used [0x00000000d5a80000,0x00000000d5ad8020,0x00000000d5b00000)
  to   space 1024K, 0% used [0x00000000d5900000,0x00000000d5900000,0x00000000d5a00000)
 ParOldGen       total 186880K, used 186502K [0x0000000080000000, 0x000000008b680000, 0x00000000d5580000)
  object space 186880K, 99% used [0x0000000080000000,0x000000008b6218e8,0x000000008b680000)
 Metaspace       used 47084K, committed 48128K, reserved 1114112K
  class space    used 4405K, committed 4928K, reserved 1048576K
}
Event: 26.889 GC heap before
{Heap before GC invocations=207 (full 2):
 PSYoungGen      total 4096K, used 3936K [0x00000000d5580000, 0x00000000d5b00000, 0x0000000100000000)
  eden space 3584K, 100% used [0x00000000d5580000,0x00000000d5900000,0x00000000d5900000)
  from space 512K, 68% used [0x00000000d5a80000,0x00000000d5ad8020,0x00000000d5b00000)
  to   space 1024K, 0% used [0x00000000d5900000,0x00000000d5900000,0x00000000d5a00000)
 ParOldGen       total 186880K, used 186502K [0x0000000080000000, 0x000000008b680000, 0x00000000d5580000)
  object space 186880K, 99% used [0x0000000080000000,0x000000008b6218e8,0x000000008b680000)
 Metaspace       used 47099K, committed 48128K, reserved 1114112K
  class space    used 4405K, committed 4928K, reserved 1048576K
}
Event: 26.891 GC heap after
{Heap after GC invocations=207 (full 2):
 PSYoungGen      total 4608K, used 992K [0x00000000d5580000, 0x00000000d5c00000, 0x0000000100000000)
  eden space 3584K, 0% used [0x00000000d5580000,0x00000000d5580000,0x00000000d5900000)
  from space 1024K, 96% used [0x00000000d5900000,0x00000000d59f8000,0x00000000d5a00000)
  to   space 1536K, 0% used [0x00000000d5a80000,0x00000000d5a80000,0x00000000d5c00000)
 ParOldGen       total 186880K, used 186782K [0x0000000080000000, 0x000000008b680000, 0x00000000d5580000)
  object space 186880K, 99% used [0x0000000080000000,0x000000008b667908,0x000000008b680000)
 Metaspace       used 47099K, committed 48128K, reserved 1114112K
  class space    used 4405K, committed 4928K, reserved 1048576K
}
Event: 26.910 GC heap before
{Heap before GC invocations=208 (full 2):
 PSYoungGen      total 4608K, used 4576K [0x00000000d5580000, 0x00000000d5c00000, 0x0000000100000000)
  eden space 3584K, 100% used [0x00000000d5580000,0x00000000d5900000,0x00000000d5900000)
  from space 1024K, 96% used [0x00000000d5900000,0x00000000d59f8000,0x00000000d5a00000)
  to   space 1536K, 0% used [0x00000000d5a80000,0x00000000d5a80000,0x00000000d5c00000)
 ParOldGen       total 186880K, used 186782K [0x0000000080000000, 0x000000008b680000, 0x00000000d5580000)
  object space 186880K, 99% used [0x0000000080000000,0x000000008b667908,0x000000008b680000)
 Metaspace       used 47099K, committed 48128K, reserved 1114112K
  class space    used 4405K, committed 4928K, reserved 1048576K
}
Event: 26.932 GC heap after
{Heap after GC invocations=208 (full 2):
 PSYoungGen      total 5632K, used 624K [0x00000000d5580000, 0x00000000d5c00000, 0x0000000100000000)
  eden space 4096K, 0% used [0x00000000d5580000,0x00000000d5580000,0x00000000d5980000)
  from space 1536K, 40% used [0x00000000d5a80000,0x00000000d5b1c010,0x00000000d5c00000)
  to   space 1024K, 0% used [0x00000000d5980000,0x00000000d5980000,0x00000000d5a80000)
 ParOldGen       total 187904K, used 187622K [0x0000000080000000, 0x000000008b780000, 0x00000000d5580000)
  object space 187904K, 99% used [0x0000000080000000,0x000000008b739948,0x000000008b780000)
 Metaspace       used 47099K, committed 48128K, reserved 1114112K
  class space    used 4405K, committed 4928K, reserved 1048576K
}
Event: 27.128 GC heap before
{Heap before GC invocations=209 (full 2):
 PSYoungGen      total 5632K, used 4720K [0x00000000d5580000, 0x00000000d5c00000, 0x0000000100000000)
  eden space 4096K, 100% used [0x00000000d5580000,0x00000000d5980000,0x00000000d5980000)
  from space 1536K, 40% used [0x00000000d5a80000,0x00000000d5b1c010,0x00000000d5c00000)
  to   space 1024K, 0% used [0x00000000d5980000,0x00000000d5980000,0x00000000d5a80000)
 ParOldGen       total 187904K, used 187622K [0x0000000080000000, 0x000000008b780000, 0x00000000d5580000)
  object space 187904K, 99% used [0x0000000080000000,0x000000008b739948,0x000000008b780000)
 Metaspace       used 47105K, committed 48128K, reserved 1114112K
  class space    used 4405K, committed 4928K, reserved 1048576K
}
Event: 27.137 GC heap after
{Heap after GC invocations=209 (full 2):
 PSYoungGen      total 5120K, used 832K [0x00000000d5580000, 0x00000000d5b80000, 0x0000000100000000)
  eden space 4096K, 0% used [0x00000000d5580000,0x00000000d5580000,0x00000000d5980000)
  from space 1024K, 81% used [0x00000000d5980000,0x00000000d5a50000,0x00000000d5a80000)
  to   space 1024K, 0% used [0x00000000d5a80000,0x00000000d5a80000,0x00000000d5b80000)
 ParOldGen       total 188416K, used 188189K [0x0000000080000000, 0x000000008b800000, 0x00000000d5580000)
  object space 188416K, 99% used [0x0000000080000000,0x000000008b7c7590,0x000000008b800000)
 Metaspace       used 47105K, committed 48128K, reserved 1114112K
  class space    used 4405K, committed 4928K, reserved 1048576K
}
Event: 27.152 GC heap before
{Heap before GC invocations=210 (full 2):
 PSYoungGen      total 5120K, used 4928K [0x00000000d5580000, 0x00000000d5b80000, 0x0000000100000000)
  eden space 4096K, 100% used [0x00000000d5580000,0x00000000d5980000,0x00000000d5980000)
  from space 1024K, 81% used [0x00000000d5980000,0x00000000d5a50000,0x00000000d5a80000)
  to   space 1024K, 0% used [0x00000000d5a80000,0x00000000d5a80000,0x00000000d5b80000)
 ParOldGen       total 188416K, used 188189K [0x0000000080000000, 0x000000008b800000, 0x00000000d5580000)
  object space 188416K, 99% used [0x0000000080000000,0x000000008b7c7590,0x000000008b800000)
 Metaspace       used 47107K, committed 48128K, reserved 1114112K
  class space    used 4405K, committed 4928K, reserved 1048576K
}
Event: 27.181 GC heap after
{Heap after GC invocations=210 (full 2):
 PSYoungGen      total 5120K, used 864K [0x00000000d5580000, 0x00000000d5c80000, 0x0000000100000000)
  eden space 4096K, 0% used [0x00000000d5580000,0x00000000d5580000,0x00000000d5980000)
  from space 1024K, 84% used [0x00000000d5a80000,0x00000000d5b58000,0x00000000d5b80000)
  to   space 1024K, 0% used [0x00000000d5980000,0x00000000d5980000,0x00000000d5a80000)
 ParOldGen       total 188928K, used 188866K [0x0000000080000000, 0x000000008b880000, 0x00000000d5580000)
  object space 188928K, 99% used [0x0000000080000000,0x000000008b870a60,0x000000008b880000)
 Metaspace       used 47107K, committed 48128K, reserved 1114112K
  class space    used 4405K, committed 4928K, reserved 1048576K
}
Event: 27.205 GC heap before
{Heap before GC invocations=211 (full 2):
 PSYoungGen      total 5120K, used 4960K [0x00000000d5580000, 0x00000000d5c80000, 0x0000000100000000)
  eden space 4096K, 100% used [0x00000000d5580000,0x00000000d5980000,0x00000000d5980000)
  from space 1024K, 84% used [0x00000000d5a80000,0x00000000d5b58000,0x00000000d5b80000)
  to   space 1024K, 0% used [0x00000000d5980000,0x00000000d5980000,0x00000000d5a80000)
 ParOldGen       total 188928K, used 188866K [0x0000000080000000, 0x000000008b880000, 0x00000000d5580000)
  object space 188928K, 99% used [0x0000000080000000,0x000000008b870a60,0x000000008b880000)
 Metaspace       used 47108K, committed 48128K, reserved 1114112K
  class space    used 4405K, committed 4928K, reserved 1048576K
}
Event: 27.249 GC heap after
{Heap after GC invocations=211 (full 2):
 PSYoungGen      total 5120K, used 544K [0x00000000d5580000, 0x00000000d5c80000, 0x0000000100000000)
  eden space 4096K, 0% used [0x00000000d5580000,0x00000000d5580000,0x00000000d5980000)
  from space 1024K, 53% used [0x00000000d5980000,0x00000000d5a08000,0x00000000d5a80000)
  to   space 1024K, 0% used [0x00000000d5b80000,0x00000000d5b80000,0x00000000d5c80000)
 ParOldGen       total 189952K, used 189537K [0x0000000080000000, 0x000000008b980000, 0x00000000d5580000)
  object space 189952K, 99% used [0x0000000080000000,0x000000008b9184f0,0x000000008b980000)
 Metaspace       used 47108K, committed 48128K, reserved 1114112K
  class space    used 4405K, committed 4928K, reserved 1048576K
}

