# JRE version: OpenJDK Runtime Environment Temurin-21.0.8+9 (21.0.8+9) (build 21.0.8+9-LTS)
# Java VM: OpenJDK 64-Bit Server VM Temurin-21.0.8+9 (21.0.8+9-LTS, mixed mode, sharing, tiered, compressed oops, compressed class ptrs, parallel gc, windows-amd64)
GC Precious Log:
 CardTable entry size: 512
 CPUs: 8 total, 8 available
 Memory: 11972M
 Large Page Support: Disabled
 NUMA Support: Disabled
 Compressed Oops: Enabled (32-bit)
 Alignments: Space 512K, Generation 512K, Heap 2M
 Heap Min Capacity: 100M
 Heap Initial Capacity: 100M
 Heap Max Capacity: 2G
 Pre-touch: Disabled
 Parallel Workers: 8
Heap:
 PSYoungGen      total 11776K, used 2447K [0x00000000d5580000, 0x00000000d6200000, 0x0000000100000000)
  eden space 10752K, 20% used [0x00000000d5580000,0x00000000d57a3d58,0x00000000d6000000)
  from space 1024K, 25% used [0x00000000d6080000,0x00000000d60c0000,0x00000000d6180000)
  to   space 512K, 0% used [0x00000000d6180000,0x00000000d6180000,0x00000000d6200000)
 ParOldGen       total 68608K, used 51934K [0x0000000080000000, 0x0000000084300000, 0x00000000d5580000)
  object space 68608K, 75% used [0x0000000080000000,0x00000000832b7be0,0x0000000084300000)
 Metaspace       used 55446K, committed 56832K, reserved 1114112K
  class space    used 6011K, committed 6656K, reserved 1048576K
GC Heap History (20 events):
Event: 15.435 GC heap before
{Heap before GC invocations=40 (full 2):
 PSYoungGen      total 11776K, used 11768K [0x00000000d5580000, 0x00000000d6480000, 0x0000000100000000)
  eden space 10752K, 100% used [0x00000000d5580000,0x00000000d6000000,0x00000000d6000000)
  from space 1024K, 99% used [0x00000000d6200000,0x00000000d62fe200,0x00000000d6300000)
  to   space 1536K, 0% used [0x00000000d6300000,0x00000000d6300000,0x00000000d6480000)
 ParOldGen       total 68608K, used 47927K [0x0000000080000000, 0x0000000084300000, 0x00000000d5580000)
  object space 68608K, 69% used [0x0000000080000000,0x0000000082ecdf48,0x0000000084300000)
 Metaspace       used 48924K, committed 50240K, reserved 1114112K
  class space    used 5327K, committed 5952K, reserved 1048576K
}
Event: 15.441 GC heap after
{Heap after GC invocations=40 (full 2):
 PSYoungGen      total 12288K, used 1252K [0x00000000d5580000, 0x00000000d6480000, 0x0000000100000000)
  eden space 10752K, 0% used [0x00000000d5580000,0x00000000d5580000,0x00000000d6000000)
  from space 1536K, 81% used [0x00000000d6300000,0x00000000d6439198,0x00000000d6480000)
  to   space 1536K, 0% used [0x00000000d6180000,0x00000000d6180000,0x00000000d6300000)
 ParOldGen       total 68608K, used 48864K [0x0000000080000000, 0x0000000084300000, 0x00000000d5580000)
  object space 68608K, 71% used [0x0000000080000000,0x0000000082fb8148,0x0000000084300000)
 Metaspace       used 48924K, committed 50240K, reserved 1114112K
  class space    used 5327K, committed 5952K, reserved 1048576K
}
Event: 15.679 GC heap before
{Heap before GC invocations=41 (full 2):
 PSYoungGen      total 12288K, used 12004K [0x00000000d5580000, 0x00000000d6480000, 0x0000000100000000)
  eden space 10752K, 100% used [0x00000000d5580000,0x00000000d6000000,0x00000000d6000000)
  from space 1536K, 81% used [0x00000000d6300000,0x00000000d6439198,0x00000000d6480000)
  to   space 1536K, 0% used [0x00000000d6180000,0x00000000d6180000,0x00000000d6300000)
 ParOldGen       total 68608K, used 48864K [0x0000000080000000, 0x0000000084300000, 0x00000000d5580000)
  object space 68608K, 71% used [0x0000000080000000,0x0000000082fb8148,0x0000000084300000)
 Metaspace       used 50151K, committed 51520K, reserved 1114112K
  class space    used 5485K, committed 6080K, reserved 1048576K
}
Event: 15.684 GC heap after
{Heap after GC invocations=41 (full 2):
 PSYoungGen      total 11776K, used 645K [0x00000000d5580000, 0x00000000d6380000, 0x0000000100000000)
  eden space 10752K, 0% used [0x00000000d5580000,0x00000000d5580000,0x00000000d6000000)
  from space 1024K, 63% used [0x00000000d6180000,0x00000000d6221558,0x00000000d6280000)
  to   space 1024K, 0% used [0x00000000d6280000,0x00000000d6280000,0x00000000d6380000)
 ParOldGen       total 68608K, used 49681K [0x0000000080000000, 0x0000000084300000, 0x00000000d5580000)
  object space 68608K, 72% used [0x0000000080000000,0x0000000083084728,0x0000000084300000)
 Metaspace       used 50151K, committed 51520K, reserved 1114112K
  class space    used 5485K, committed 6080K, reserved 1048576K
}
Event: 15.977 GC heap before
{Heap before GC invocations=42 (full 2):
 PSYoungGen      total 11776K, used 11397K [0x00000000d5580000, 0x00000000d6380000, 0x0000000100000000)
  eden space 10752K, 100% used [0x00000000d5580000,0x00000000d6000000,0x00000000d6000000)
  from space 1024K, 63% used [0x00000000d6180000,0x00000000d6221558,0x00000000d6280000)
  to   space 1024K, 0% used [0x00000000d6280000,0x00000000d6280000,0x00000000d6380000)
 ParOldGen       total 68608K, used 49681K [0x0000000080000000, 0x0000000084300000, 0x00000000d5580000)
  object space 68608K, 72% used [0x0000000080000000,0x0000000083084728,0x0000000084300000)
 Metaspace       used 50770K, committed 52160K, reserved 1114112K
  class space    used 5586K, committed 6208K, reserved 1048576K
}
Event: 15.978 GC heap after
{Heap after GC invocations=42 (full 2):
 PSYoungGen      total 11264K, used 256K [0x00000000d5580000, 0x00000000d6300000, 0x0000000100000000)
  eden space 10752K, 0% used [0x00000000d5580000,0x00000000d5580000,0x00000000d6000000)
  from space 512K, 50% used [0x00000000d6280000,0x00000000d62c0000,0x00000000d6300000)
  to   space 512K, 0% used [0x00000000d6200000,0x00000000d6200000,0x00000000d6280000)
 ParOldGen       total 68608K, used 50236K [0x0000000080000000, 0x0000000084300000, 0x00000000d5580000)
  object space 68608K, 73% used [0x0000000080000000,0x000000008310f330,0x0000000084300000)
 Metaspace       used 50770K, committed 52160K, reserved 1114112K
  class space    used 5586K, committed 6208K, reserved 1048576K
}
Event: 16.403 GC heap before
{Heap before GC invocations=43 (full 2):
 PSYoungGen      total 11264K, used 11008K [0x00000000d5580000, 0x00000000d6300000, 0x0000000100000000)
  eden space 10752K, 100% used [0x00000000d5580000,0x00000000d6000000,0x00000000d6000000)
  from space 512K, 50% used [0x00000000d6280000,0x00000000d62c0000,0x00000000d6300000)
  to   space 512K, 0% used [0x00000000d6200000,0x00000000d6200000,0x00000000d6280000)
 ParOldGen       total 68608K, used 50236K [0x0000000080000000, 0x0000000084300000, 0x00000000d5580000)
  object space 68608K, 73% used [0x0000000080000000,0x000000008310f330,0x0000000084300000)
 Metaspace       used 51394K, committed 52736K, reserved 1114112K
  class space    used 5645K, committed 6272K, reserved 1048576K
}
Event: 16.405 GC heap after
{Heap after GC invocations=43 (full 2):
 PSYoungGen      total 11264K, used 416K [0x00000000d5580000, 0x00000000d6300000, 0x0000000100000000)
  eden space 10752K, 0% used [0x00000000d5580000,0x00000000d5580000,0x00000000d6000000)
  from space 512K, 81% used [0x00000000d6200000,0x00000000d6268000,0x00000000d6280000)
  to   space 512K, 0% used [0x00000000d6280000,0x00000000d6280000,0x00000000d6300000)
 ParOldGen       total 68608K, used 50364K [0x0000000080000000, 0x0000000084300000, 0x00000000d5580000)
  object space 68608K, 73% used [0x0000000080000000,0x000000008312f330,0x0000000084300000)
 Metaspace       used 51394K, committed 52736K, reserved 1114112K
  class space    used 5645K, committed 6272K, reserved 1048576K
}
Event: 16.685 GC heap before
{Heap before GC invocations=44 (full 2):
 PSYoungGen      total 11264K, used 11168K [0x00000000d5580000, 0x00000000d6300000, 0x0000000100000000)
  eden space 10752K, 100% used [0x00000000d5580000,0x00000000d6000000,0x00000000d6000000)
  from space 512K, 81% used [0x00000000d6200000,0x00000000d6268000,0x00000000d6280000)
  to   space 512K, 0% used [0x00000000d6280000,0x00000000d6280000,0x00000000d6300000)
 ParOldGen       total 68608K, used 50364K [0x0000000080000000, 0x0000000084300000, 0x00000000d5580000)
  object space 68608K, 73% used [0x0000000080000000,0x000000008312f330,0x0000000084300000)
 Metaspace       used 52117K, committed 53504K, reserved 1114112K
  class space    used 5705K, committed 6336K, reserved 1048576K
}
Event: 16.687 GC heap after
{Heap after GC invocations=44 (full 2):
 PSYoungGen      total 11264K, used 288K [0x00000000d5580000, 0x00000000d6300000, 0x0000000100000000)
  eden space 10752K, 0% used [0x00000000d5580000,0x00000000d5580000,0x00000000d6000000)
  from space 512K, 56% used [0x00000000d6280000,0x00000000d62c8000,0x00000000d6300000)
  to   space 512K, 0% used [0x00000000d6200000,0x00000000d6200000,0x00000000d6280000)
 ParOldGen       total 68608K, used 50572K [0x0000000080000000, 0x0000000084300000, 0x00000000d5580000)
  object space 68608K, 73% used [0x0000000080000000,0x0000000083163330,0x0000000084300000)
 Metaspace       used 52117K, committed 53504K, reserved 1114112K
  class space    used 5705K, committed 6336K, reserved 1048576K
}
Event: 17.075 GC heap before
{Heap before GC invocations=45 (full 2):
 PSYoungGen      total 11264K, used 11040K [0x00000000d5580000, 0x00000000d6300000, 0x0000000100000000)
  eden space 10752K, 100% used [0x00000000d5580000,0x00000000d6000000,0x00000000d6000000)
  from space 512K, 56% used [0x00000000d6280000,0x00000000d62c8000,0x00000000d6300000)
  to   space 512K, 0% used [0x00000000d6200000,0x00000000d6200000,0x00000000d6280000)
 ParOldGen       total 68608K, used 50572K [0x0000000080000000, 0x0000000084300000, 0x00000000d5580000)
  object space 68608K, 73% used [0x0000000080000000,0x0000000083163330,0x0000000084300000)
 Metaspace       used 53806K, committed 55232K, reserved 1114112K
  class space    used 5859K, committed 6528K, reserved 1048576K
}
Event: 17.077 GC heap after
{Heap after GC invocations=45 (full 2):
 PSYoungGen      total 11264K, used 480K [0x00000000d5580000, 0x00000000d6300000, 0x0000000100000000)
  eden space 10752K, 0% used [0x00000000d5580000,0x00000000d5580000,0x00000000d6000000)
  from space 512K, 93% used [0x00000000d6200000,0x00000000d6278010,0x00000000d6280000)
  to   space 512K, 0% used [0x00000000d6280000,0x00000000d6280000,0x00000000d6300000)
 ParOldGen       total 68608K, used 50774K [0x0000000080000000, 0x0000000084300000, 0x00000000d5580000)
  object space 68608K, 74% used [0x0000000080000000,0x0000000083195a38,0x0000000084300000)
 Metaspace       used 53806K, committed 55232K, reserved 1114112K
  class space    used 5859K, committed 6528K, reserved 1048576K
}
Event: 17.193 GC heap before
{Heap before GC invocations=46 (full 2):
 PSYoungGen      total 11264K, used 11226K [0x00000000d5580000, 0x00000000d6300000, 0x0000000100000000)
  eden space 10752K, 99% used [0x00000000d5580000,0x00000000d5ffe8e8,0x00000000d6000000)
  from space 512K, 93% used [0x00000000d6200000,0x00000000d6278010,0x00000000d6280000)
  to   space 512K, 0% used [0x00000000d6280000,0x00000000d6280000,0x00000000d6300000)
 ParOldGen       total 68608K, used 50774K [0x0000000080000000, 0x0000000084300000, 0x00000000d5580000)
  object space 68608K, 74% used [0x0000000080000000,0x0000000083195a38,0x0000000084300000)
 Metaspace       used 54264K, committed 55616K, reserved 1114112K
  class space    used 5899K, committed 6528K, reserved 1048576K
}
Event: 17.196 GC heap after
{Heap after GC invocations=46 (full 2):
 PSYoungGen      total 11264K, used 494K [0x00000000d5580000, 0x00000000d6300000, 0x0000000100000000)
  eden space 10752K, 0% used [0x00000000d5580000,0x00000000d5580000,0x00000000d6000000)
  from space 512K, 96% used [0x00000000d6280000,0x00000000d62fbb38,0x00000000d6300000)
  to   space 1536K, 0% used [0x00000000d6000000,0x00000000d6000000,0x00000000d6180000)
 ParOldGen       total 68608K, used 51640K [0x0000000080000000, 0x0000000084300000, 0x00000000d5580000)
  object space 68608K, 75% used [0x0000000080000000,0x000000008326e068,0x0000000084300000)
 Metaspace       used 54264K, committed 55616K, reserved 1114112K
  class space    used 5899K, committed 6528K, reserved 1048576K
}
Event: 17.273 GC heap before
{Heap before GC invocations=47 (full 2):
 PSYoungGen      total 11264K, used 11246K [0x00000000d5580000, 0x00000000d6300000, 0x0000000100000000)
  eden space 10752K, 100% used [0x00000000d5580000,0x00000000d6000000,0x00000000d6000000)
  from space 512K, 96% used [0x00000000d6280000,0x00000000d62fbb38,0x00000000d6300000)
  to   space 1536K, 0% used [0x00000000d6000000,0x00000000d6000000,0x00000000d6180000)
 ParOldGen       total 68608K, used 51640K [0x0000000080000000, 0x0000000084300000, 0x00000000d5580000)
  object space 68608K, 75% used [0x0000000080000000,0x000000008326e068,0x0000000084300000)
 Metaspace       used 54280K, committed 55680K, reserved 1114112K
  class space    used 5899K, committed 6528K, reserved 1048576K
}
Event: 17.274 GC heap after
{Heap after GC invocations=47 (full 2):
 PSYoungGen      total 12288K, used 1336K [0x00000000d5580000, 0x00000000d6300000, 0x0000000100000000)
  eden space 10752K, 0% used [0x00000000d5580000,0x00000000d5580000,0x00000000d6000000)
  from space 1536K, 87% used [0x00000000d6000000,0x00000000d614e238,0x00000000d6180000)
  to   space 1536K, 0% used [0x00000000d6180000,0x00000000d6180000,0x00000000d6300000)
 ParOldGen       total 68608K, used 51910K [0x0000000080000000, 0x0000000084300000, 0x00000000d5580000)
  object space 68608K, 75% used [0x0000000080000000,0x00000000832b1be0,0x0000000084300000)
 Metaspace       used 54280K, committed 55680K, reserved 1114112K
  class space    used 5899K, committed 6528K, reserved 1048576K
}
Event: 17.300 GC heap before
{Heap before GC invocations=48 (full 2):
 PSYoungGen      total 12288K, used 12088K [0x00000000d5580000, 0x00000000d6300000, 0x0000000100000000)
  eden space 10752K, 100% used [0x00000000d5580000,0x00000000d6000000,0x00000000d6000000)
  from space 1536K, 87% used [0x00000000d6000000,0x00000000d614e238,0x00000000d6180000)
  to   space 1536K, 0% used [0x00000000d6180000,0x00000000d6180000,0x00000000d6300000)
 ParOldGen       total 68608K, used 51910K [0x0000000080000000, 0x0000000084300000, 0x00000000d5580000)
  object space 68608K, 75% used [0x0000000080000000,0x00000000832b1be0,0x0000000084300000)
 Metaspace       used 54281K, committed 55680K, reserved 1114112K
  class space    used 5899K, committed 6528K, reserved 1048576K
}
Event: 17.302 GC heap after
{Heap after GC invocations=48 (full 2):
 PSYoungGen      total 11776K, used 637K [0x00000000d5580000, 0x00000000d6280000, 0x0000000100000000)
  eden space 10752K, 0% used [0x00000000d5580000,0x00000000d5580000,0x00000000d6000000)
  from space 1024K, 62% used [0x00000000d6180000,0x00000000d621f510,0x00000000d6280000)
  to   space 1024K, 0% used [0x00000000d6080000,0x00000000d6080000,0x00000000d6180000)
 ParOldGen       total 68608K, used 51934K [0x0000000080000000, 0x0000000084300000, 0x00000000d5580000)
  object space 68608K, 75% used [0x0000000080000000,0x00000000832b7be0,0x0000000084300000)
 Metaspace       used 54281K, committed 55680K, reserved 1114112K
  class space    used 5899K, committed 6528K, reserved 1048576K
}
Event: 17.373 GC heap before
{Heap before GC invocations=49 (full 2):
 PSYoungGen      total 11776K, used 11389K [0x00000000d5580000, 0x00000000d6280000, 0x0000000100000000)
  eden space 10752K, 100% used [0x00000000d5580000,0x00000000d6000000,0x00000000d6000000)
  from space 1024K, 62% used [0x00000000d6180000,0x00000000d621f510,0x00000000d6280000)
  to   space 1024K, 0% used [0x00000000d6080000,0x00000000d6080000,0x00000000d6180000)
 ParOldGen       total 68608K, used 51934K [0x0000000080000000, 0x0000000084300000, 0x00000000d5580000)
  object space 68608K, 75% used [0x0000000080000000,0x00000000832b7be0,0x0000000084300000)
 Metaspace       used 55226K, committed 56640K, reserved 1114112K
  class space    used 5988K, committed 6656K, reserved 1048576K
}
Event: 17.375 GC heap after
{Heap after GC invocations=49 (full 2):
 PSYoungGen      total 11776K, used 256K [0x00000000d5580000, 0x00000000d6200000, 0x0000000100000000)
  eden space 10752K, 0% used [0x00000000d5580000,0x00000000d5580000,0x00000000d6000000)
  from space 1024K, 25% used [0x00000000d6080000,0x00000000d60c0000,0x00000000d6180000)
  to   space 512K, 0% used [0x00000000d6180000,0x00000000d6180000,0x00000000d6200000)
 ParOldGen       total 68608K, used 51934K [0x0000000080000000, 0x0000000084300000, 0x00000000d5580000)
  object space 68608K, 75% used [0x0000000080000000,0x00000000832b7be0,0x0000000084300000)
 Metaspace       used 55226K, committed 56640K, reserved 1114112K
  class space    used 5988K, committed 6656K, reserved 1048576K
}

