# JRE version: OpenJDK Runtime Environment Temurin-21.0.8+9 (21.0.8+9) (build 21.0.8+9-LTS)
# Java VM: OpenJDK 64-Bit Server VM Temurin-21.0.8+9 (21.0.8+9-LTS, mixed mode, sharing, tiered, compressed oops, compressed class ptrs, parallel gc, windows-amd64)
GC Precious Log:
 CardTable entry size: 512
 CPUs: 8 total, 8 available
 Memory: 11972M
 Large Page Support: Disabled
 NUMA Support: Disabled
 Compressed Oops: Enabled (32-bit)
 Alignments: Space 512K, Generation 512K, Heap 2M
 Heap Min Capacity: 100M
 Heap Initial Capacity: 100M
 Heap Max Capacity: 2G
 Pre-touch: Disabled
 Parallel Workers: 8
Heap:
 PSYoungGen      total 17920K, used 8795K [0x00000000d5580000, 0x00000000d6800000, 0x0000000100000000)
  eden space 17408K, 47% used [0x00000000d5580000,0x00000000d5d9eee0,0x00000000d6680000)
  from space 512K, 93% used [0x00000000d6700000,0x00000000d6778000,0x00000000d6780000)
  to   space 512K, 0% used [0x00000000d6780000,0x00000000d6780000,0x00000000d6800000)
 ParOldGen       total 68608K, used 43871K [0x0000000080000000, 0x0000000084300000, 0x00000000d5580000)
  object space 68608K, 63% used [0x0000000080000000,0x0000000082ad7e20,0x0000000084300000)
 Metaspace       used 56588K, committed 58048K, reserved 1114112K
  class space    used 6086K, committed 6720K, reserved 1048576K
GC Heap History (20 events):
Event: 12.962 GC heap before
{Heap before GC invocations=32 (full 2):
 PSYoungGen      total 19968K, used 19488K [0x00000000d5580000, 0x00000000d6c00000, 0x0000000100000000)
  eden space 17920K, 100% used [0x00000000d5580000,0x00000000d6700000,0x00000000d6700000)
  from space 2048K, 76% used [0x00000000d6700000,0x00000000d6888000,0x00000000d6900000)
  to   space 2560K, 0% used [0x00000000d6980000,0x00000000d6980000,0x00000000d6c00000)
 ParOldGen       total 68608K, used 38076K [0x0000000080000000, 0x0000000084300000, 0x00000000d5580000)
  object space 68608K, 55% used [0x0000000080000000,0x000000008252f358,0x0000000084300000)
 Metaspace       used 51572K, committed 52864K, reserved 1114112K
  class space    used 5663K, committed 6208K, reserved 1048576K
}
Event: 12.967 GC heap after
{Heap after GC invocations=32 (full 2):
 PSYoungGen      total 19456K, used 1368K [0x00000000d5580000, 0x00000000d6b00000, 0x0000000100000000)
  eden space 17920K, 0% used [0x00000000d5580000,0x00000000d5580000,0x00000000d6700000)
  from space 1536K, 89% used [0x00000000d6980000,0x00000000d6ad6200,0x00000000d6b00000)
  to   space 2048K, 0% used [0x00000000d6700000,0x00000000d6700000,0x00000000d6900000)
 ParOldGen       total 68608K, used 39548K [0x0000000080000000, 0x0000000084300000, 0x00000000d5580000)
  object space 68608K, 57% used [0x0000000080000000,0x000000008269f358,0x0000000084300000)
 Metaspace       used 51572K, committed 52864K, reserved 1114112K
  class space    used 5663K, committed 6208K, reserved 1048576K
}
Event: 13.711 GC heap before
{Heap before GC invocations=33 (full 2):
 PSYoungGen      total 19456K, used 19288K [0x00000000d5580000, 0x00000000d6b00000, 0x0000000100000000)
  eden space 17920K, 100% used [0x00000000d5580000,0x00000000d6700000,0x00000000d6700000)
  from space 1536K, 89% used [0x00000000d6980000,0x00000000d6ad6200,0x00000000d6b00000)
  to   space 2048K, 0% used [0x00000000d6700000,0x00000000d6700000,0x00000000d6900000)
 ParOldGen       total 68608K, used 39548K [0x0000000080000000, 0x0000000084300000, 0x00000000d5580000)
  object space 68608K, 57% used [0x0000000080000000,0x000000008269f358,0x0000000084300000)
 Metaspace       used 54101K, committed 55488K, reserved 1114112K
  class space    used 5899K, committed 6528K, reserved 1048576K
}
Event: 13.714 GC heap after
{Heap after GC invocations=33 (full 2):
 PSYoungGen      total 19968K, used 727K [0x00000000d5580000, 0x00000000d6a00000, 0x0000000100000000)
  eden space 17920K, 0% used [0x00000000d5580000,0x00000000d5580000,0x00000000d6700000)
  from space 2048K, 35% used [0x00000000d6700000,0x00000000d67b5e08,0x00000000d6900000)
  to   space 1024K, 0% used [0x00000000d6900000,0x00000000d6900000,0x00000000d6a00000)
 ParOldGen       total 68608K, used 40754K [0x0000000080000000, 0x0000000084300000, 0x00000000d5580000)
  object space 68608K, 59% used [0x0000000080000000,0x00000000827cc8b0,0x0000000084300000)
 Metaspace       used 54101K, committed 55488K, reserved 1114112K
  class space    used 5899K, committed 6528K, reserved 1048576K
}
Event: 13.842 GC heap before
{Heap before GC invocations=34 (full 2):
 PSYoungGen      total 19968K, used 18647K [0x00000000d5580000, 0x00000000d6a00000, 0x0000000100000000)
  eden space 17920K, 100% used [0x00000000d5580000,0x00000000d6700000,0x00000000d6700000)
  from space 2048K, 35% used [0x00000000d6700000,0x00000000d67b5e08,0x00000000d6900000)
  to   space 1024K, 0% used [0x00000000d6900000,0x00000000d6900000,0x00000000d6a00000)
 ParOldGen       total 68608K, used 40754K [0x0000000080000000, 0x0000000084300000, 0x00000000d5580000)
  object space 68608K, 59% used [0x0000000080000000,0x00000000827cc8b0,0x0000000084300000)
 Metaspace       used 54344K, committed 55744K, reserved 1114112K
  class space    used 5912K, committed 6528K, reserved 1048576K
}
Event: 13.844 GC heap after
{Heap after GC invocations=34 (full 2):
 PSYoungGen      total 18432K, used 1016K [0x00000000d5580000, 0x00000000d6c00000, 0x0000000100000000)
  eden space 17408K, 0% used [0x00000000d5580000,0x00000000d5580000,0x00000000d6680000)
  from space 1024K, 99% used [0x00000000d6900000,0x00000000d69fe0e8,0x00000000d6a00000)
  to   space 2560K, 0% used [0x00000000d6680000,0x00000000d6680000,0x00000000d6900000)
 ParOldGen       total 68608K, used 41772K [0x0000000080000000, 0x0000000084300000, 0x00000000d5580000)
  object space 68608K, 60% used [0x0000000080000000,0x00000000828cb020,0x0000000084300000)
 Metaspace       used 54344K, committed 55744K, reserved 1114112K
  class space    used 5912K, committed 6528K, reserved 1048576K
}
Event: 13.905 GC heap before
{Heap before GC invocations=35 (full 2):
 PSYoungGen      total 18432K, used 18333K [0x00000000d5580000, 0x00000000d6c00000, 0x0000000100000000)
  eden space 17408K, 99% used [0x00000000d5580000,0x00000000d66693b8,0x00000000d6680000)
  from space 1024K, 99% used [0x00000000d6900000,0x00000000d69fe0e8,0x00000000d6a00000)
  to   space 2560K, 0% used [0x00000000d6680000,0x00000000d6680000,0x00000000d6900000)
 ParOldGen       total 68608K, used 41772K [0x0000000080000000, 0x0000000084300000, 0x00000000d5580000)
  object space 68608K, 60% used [0x0000000080000000,0x00000000828cb020,0x0000000084300000)
 Metaspace       used 54353K, committed 55808K, reserved 1114112K
  class space    used 5912K, committed 6528K, reserved 1048576K
}
Event: 13.907 GC heap after
{Heap after GC invocations=35 (full 2):
 PSYoungGen      total 18944K, used 1034K [0x00000000d5580000, 0x00000000d6980000, 0x0000000100000000)
  eden space 17408K, 0% used [0x00000000d5580000,0x00000000d5580000,0x00000000d6680000)
  from space 1536K, 67% used [0x00000000d6680000,0x00000000d6782a40,0x00000000d6800000)
  to   space 1536K, 0% used [0x00000000d6800000,0x00000000d6800000,0x00000000d6980000)
 ParOldGen       total 68608K, used 42647K [0x0000000080000000, 0x0000000084300000, 0x00000000d5580000)
  object space 68608K, 62% used [0x0000000080000000,0x00000000829a5e00,0x0000000084300000)
 Metaspace       used 54353K, committed 55808K, reserved 1114112K
  class space    used 5912K, committed 6528K, reserved 1048576K
}
Event: 14.425 GC heap before
{Heap before GC invocations=36 (full 2):
 PSYoungGen      total 18944K, used 18442K [0x00000000d5580000, 0x00000000d6980000, 0x0000000100000000)
  eden space 17408K, 100% used [0x00000000d5580000,0x00000000d6680000,0x00000000d6680000)
  from space 1536K, 67% used [0x00000000d6680000,0x00000000d6782a40,0x00000000d6800000)
  to   space 1536K, 0% used [0x00000000d6800000,0x00000000d6800000,0x00000000d6980000)
 ParOldGen       total 68608K, used 42647K [0x0000000080000000, 0x0000000084300000, 0x00000000d5580000)
  object space 68608K, 62% used [0x0000000080000000,0x00000000829a5e00,0x0000000084300000)
 Metaspace       used 55884K, committed 57344K, reserved 1114112K
  class space    used 6060K, committed 6656K, reserved 1048576K
}
Event: 14.426 GC heap after
{Heap after GC invocations=36 (full 2):
 PSYoungGen      total 18432K, used 704K [0x00000000d5580000, 0x00000000d6900000, 0x0000000100000000)
  eden space 17408K, 0% used [0x00000000d5580000,0x00000000d5580000,0x00000000d6680000)
  from space 1024K, 68% used [0x00000000d6800000,0x00000000d68b0000,0x00000000d6900000)
  to   space 1024K, 0% used [0x00000000d6700000,0x00000000d6700000,0x00000000d6800000)
 ParOldGen       total 68608K, used 42679K [0x0000000080000000, 0x0000000084300000, 0x00000000d5580000)
  object space 68608K, 62% used [0x0000000080000000,0x00000000829ade00,0x0000000084300000)
 Metaspace       used 55884K, committed 57344K, reserved 1114112K
  class space    used 6060K, committed 6656K, reserved 1048576K
}
Event: 14.690 GC heap before
{Heap before GC invocations=37 (full 2):
 PSYoungGen      total 18432K, used 18112K [0x00000000d5580000, 0x00000000d6900000, 0x0000000100000000)
  eden space 17408K, 100% used [0x00000000d5580000,0x00000000d6680000,0x00000000d6680000)
  from space 1024K, 68% used [0x00000000d6800000,0x00000000d68b0000,0x00000000d6900000)
  to   space 1024K, 0% used [0x00000000d6700000,0x00000000d6700000,0x00000000d6800000)
 ParOldGen       total 68608K, used 42679K [0x0000000080000000, 0x0000000084300000, 0x00000000d5580000)
  object space 68608K, 62% used [0x0000000080000000,0x00000000829ade00,0x0000000084300000)
 Metaspace       used 56183K, committed 57664K, reserved 1114112K
  class space    used 6077K, committed 6720K, reserved 1048576K
}
Event: 14.692 GC heap after
{Heap after GC invocations=37 (full 2):
 PSYoungGen      total 18432K, used 544K [0x00000000d5580000, 0x00000000d6880000, 0x0000000100000000)
  eden space 17408K, 0% used [0x00000000d5580000,0x00000000d5580000,0x00000000d6680000)
  from space 1024K, 53% used [0x00000000d6700000,0x00000000d6788000,0x00000000d6800000)
  to   space 512K, 0% used [0x00000000d6800000,0x00000000d6800000,0x00000000d6880000)
 ParOldGen       total 68608K, used 43055K [0x0000000080000000, 0x0000000084300000, 0x00000000d5580000)
  object space 68608K, 62% used [0x0000000080000000,0x0000000082a0be00,0x0000000084300000)
 Metaspace       used 56183K, committed 57664K, reserved 1114112K
  class space    used 6077K, committed 6720K, reserved 1048576K
}
Event: 15.010 GC heap before
{Heap before GC invocations=38 (full 2):
 PSYoungGen      total 18432K, used 17952K [0x00000000d5580000, 0x00000000d6880000, 0x0000000100000000)
  eden space 17408K, 100% used [0x00000000d5580000,0x00000000d6680000,0x00000000d6680000)
  from space 1024K, 53% used [0x00000000d6700000,0x00000000d6788000,0x00000000d6800000)
  to   space 512K, 0% used [0x00000000d6800000,0x00000000d6800000,0x00000000d6880000)
 ParOldGen       total 68608K, used 43055K [0x0000000080000000, 0x0000000084300000, 0x00000000d5580000)
  object space 68608K, 62% used [0x0000000080000000,0x0000000082a0be00,0x0000000084300000)
 Metaspace       used 56364K, committed 57792K, reserved 1114112K
  class space    used 6081K, committed 6720K, reserved 1048576K
}
Event: 15.011 GC heap after
{Heap after GC invocations=38 (full 2):
 PSYoungGen      total 17920K, used 496K [0x00000000d5580000, 0x00000000d6880000, 0x0000000100000000)
  eden space 17408K, 0% used [0x00000000d5580000,0x00000000d5580000,0x00000000d6680000)
  from space 512K, 96% used [0x00000000d6800000,0x00000000d687c010,0x00000000d6880000)
  to   space 1024K, 0% used [0x00000000d6680000,0x00000000d6680000,0x00000000d6780000)
 ParOldGen       total 68608K, used 43319K [0x0000000080000000, 0x0000000084300000, 0x00000000d5580000)
  object space 68608K, 63% used [0x0000000080000000,0x0000000082a4de10,0x0000000084300000)
 Metaspace       used 56364K, committed 57792K, reserved 1114112K
  class space    used 6081K, committed 6720K, reserved 1048576K
}
Event: 15.494 GC heap before
{Heap before GC invocations=39 (full 2):
 PSYoungGen      total 17920K, used 17904K [0x00000000d5580000, 0x00000000d6880000, 0x0000000100000000)
  eden space 17408K, 100% used [0x00000000d5580000,0x00000000d6680000,0x00000000d6680000)
  from space 512K, 96% used [0x00000000d6800000,0x00000000d687c010,0x00000000d6880000)
  to   space 1024K, 0% used [0x00000000d6680000,0x00000000d6680000,0x00000000d6780000)
 ParOldGen       total 68608K, used 43319K [0x0000000080000000, 0x0000000084300000, 0x00000000d5580000)
  object space 68608K, 63% used [0x0000000080000000,0x0000000082a4de10,0x0000000084300000)
 Metaspace       used 56485K, committed 57984K, reserved 1114112K
  class space    used 6086K, committed 6720K, reserved 1048576K
}
Event: 15.496 GC heap after
{Heap after GC invocations=39 (full 2):
 PSYoungGen      total 18432K, used 480K [0x00000000d5580000, 0x00000000d6880000, 0x0000000100000000)
  eden space 17408K, 0% used [0x00000000d5580000,0x00000000d5580000,0x00000000d6680000)
  from space 1024K, 46% used [0x00000000d6680000,0x00000000d66f8000,0x00000000d6780000)
  to   space 1024K, 0% used [0x00000000d6780000,0x00000000d6780000,0x00000000d6880000)
 ParOldGen       total 68608K, used 43495K [0x0000000080000000, 0x0000000084300000, 0x00000000d5580000)
  object space 68608K, 63% used [0x0000000080000000,0x0000000082a79e10,0x0000000084300000)
 Metaspace       used 56485K, committed 57984K, reserved 1114112K
  class space    used 6086K, committed 6720K, reserved 1048576K
}
Event: 15.746 GC heap before
{Heap before GC invocations=40 (full 2):
 PSYoungGen      total 18432K, used 17888K [0x00000000d5580000, 0x00000000d6880000, 0x0000000100000000)
  eden space 17408K, 100% used [0x00000000d5580000,0x00000000d6680000,0x00000000d6680000)
  from space 1024K, 46% used [0x00000000d6680000,0x00000000d66f8000,0x00000000d6780000)
  to   space 1024K, 0% used [0x00000000d6780000,0x00000000d6780000,0x00000000d6880000)
 ParOldGen       total 68608K, used 43495K [0x0000000080000000, 0x0000000084300000, 0x00000000d5580000)
  object space 68608K, 63% used [0x0000000080000000,0x0000000082a79e10,0x0000000084300000)
 Metaspace       used 56521K, committed 57984K, reserved 1114112K
  class space    used 6086K, committed 6720K, reserved 1048576K
}
Event: 15.753 GC heap after
{Heap after GC invocations=40 (full 2):
 PSYoungGen      total 17920K, used 448K [0x00000000d5580000, 0x00000000d6800000, 0x0000000100000000)
  eden space 17408K, 0% used [0x00000000d5580000,0x00000000d5580000,0x00000000d6680000)
  from space 512K, 87% used [0x00000000d6780000,0x00000000d67f0000,0x00000000d6800000)
  to   space 512K, 0% used [0x00000000d6700000,0x00000000d6700000,0x00000000d6780000)
 ParOldGen       total 68608K, used 43711K [0x0000000080000000, 0x0000000084300000, 0x00000000d5580000)
  object space 68608K, 63% used [0x0000000080000000,0x0000000082aafe20,0x0000000084300000)
 Metaspace       used 56521K, committed 57984K, reserved 1114112K
  class space    used 6086K, committed 6720K, reserved 1048576K
}
Event: 16.128 GC heap before
{Heap before GC invocations=41 (full 2):
 PSYoungGen      total 17920K, used 17856K [0x00000000d5580000, 0x00000000d6800000, 0x0000000100000000)
  eden space 17408K, 100% used [0x00000000d5580000,0x00000000d6680000,0x00000000d6680000)
  from space 512K, 87% used [0x00000000d6780000,0x00000000d67f0000,0x00000000d6800000)
  to   space 512K, 0% used [0x00000000d6700000,0x00000000d6700000,0x00000000d6780000)
 ParOldGen       total 68608K, used 43711K [0x0000000080000000, 0x0000000084300000, 0x00000000d5580000)
  object space 68608K, 63% used [0x0000000080000000,0x0000000082aafe20,0x0000000084300000)
 Metaspace       used 56574K, committed 58048K, reserved 1114112K
  class space    used 6086K, committed 6720K, reserved 1048576K
}
Event: 16.130 GC heap after
{Heap after GC invocations=41 (full 2):
 PSYoungGen      total 17920K, used 480K [0x00000000d5580000, 0x00000000d6800000, 0x0000000100000000)
  eden space 17408K, 0% used [0x00000000d5580000,0x00000000d5580000,0x00000000d6680000)
  from space 512K, 93% used [0x00000000d6700000,0x00000000d6778000,0x00000000d6780000)
  to   space 512K, 0% used [0x00000000d6780000,0x00000000d6780000,0x00000000d6800000)
 ParOldGen       total 68608K, used 43871K [0x0000000080000000, 0x0000000084300000, 0x00000000d5580000)
  object space 68608K, 63% used [0x0000000080000000,0x0000000082ad7e20,0x0000000084300000)
 Metaspace       used 56574K, committed 58048K, reserved 1114112K
  class space    used 6086K, committed 6720K, reserved 1048576K
}

