# JRE version: OpenJDK Runtime Environment Temurin-21.0.8+9 (21.0.8+9) (build 21.0.8+9-LTS)
# Java VM: OpenJDK 64-Bit Server VM Temurin-21.0.8+9 (21.0.8+9-LTS, mixed mode, sharing, tiered, compressed oops, compressed class ptrs, parallel gc, windows-amd64)
GC Precious Log:
 CardTable entry size: 512
 CPUs: 8 total, 8 available
 Memory: 11972M
 Large Page Support: Disabled
 NUMA Support: Disabled
 Compressed Oops: Enabled (32-bit)
 Alignments: Space 512K, Generation 512K, Heap 2M
 Heap Min Capacity: 100M
 Heap Initial Capacity: 100M
 Heap Max Capacity: 2G
 Pre-touch: Disabled
 Parallel Workers: 8
Heap:
 PSYoungGen      total 13824K, used 9405K [0x00000000d5580000, 0x00000000d6900000, 0x0000000100000000)
  eden space 12800K, 65% used [0x00000000d5580000,0x00000000d5db76f8,0x00000000d6200000)
  from space 1024K, 96% used [0x00000000d6500000,0x00000000d65f8030,0x00000000d6600000)
  to   space 3072K, 0% used [0x00000000d6200000,0x00000000d6200000,0x00000000d6500000)
 ParOldGen       total 68608K, used 60741K [0x0000000080000000, 0x0000000084300000, 0x00000000d5580000)
  object space 68608K, 88% used [0x0000000080000000,0x0000000083b51698,0x0000000084300000)
 Metaspace       used 44341K, committed 45312K, reserved 1114112K
  class space    used 4236K, committed 4672K, reserved 1048576K
GC Heap History (20 events):
Event: 21.351 GC heap before
{Heap before GC invocations=44 (full 2):
 PSYoungGen      total 17920K, used 17712K [0x00000000d5580000, 0x00000000d6a00000, 0x0000000100000000)
  eden space 16384K, 100% used [0x00000000d5580000,0x00000000d6580000,0x00000000d6580000)
  from space 1536K, 86% used [0x00000000d6580000,0x00000000d66cc030,0x00000000d6700000)
  to   space 2048K, 0% used [0x00000000d6800000,0x00000000d6800000,0x00000000d6a00000)
 ParOldGen       total 68608K, used 46350K [0x0000000080000000, 0x0000000084300000, 0x00000000d5580000)
  object space 68608K, 67% used [0x0000000080000000,0x0000000082d43b58,0x0000000084300000)
 Metaspace       used 43724K, committed 44672K, reserved 1114112K
  class space    used 4231K, committed 4672K, reserved 1048576K
}
Event: 21.355 GC heap after
{Heap after GC invocations=44 (full 2):
 PSYoungGen      total 17920K, used 1361K [0x00000000d5580000, 0x00000000d6980000, 0x0000000100000000)
  eden space 16384K, 0% used [0x00000000d5580000,0x00000000d5580000,0x00000000d6580000)
  from space 1536K, 88% used [0x00000000d6800000,0x00000000d6954670,0x00000000d6980000)
  to   space 1536K, 0% used [0x00000000d6580000,0x00000000d6580000,0x00000000d6700000)
 ParOldGen       total 68608K, used 47556K [0x0000000080000000, 0x0000000084300000, 0x00000000d5580000)
  object space 68608K, 69% used [0x0000000080000000,0x0000000082e71048,0x0000000084300000)
 Metaspace       used 43724K, committed 44672K, reserved 1114112K
  class space    used 4231K, committed 4672K, reserved 1048576K
}
Event: 22.007 GC heap before
{Heap before GC invocations=45 (full 2):
 PSYoungGen      total 17920K, used 17745K [0x00000000d5580000, 0x00000000d6980000, 0x0000000100000000)
  eden space 16384K, 100% used [0x00000000d5580000,0x00000000d6580000,0x00000000d6580000)
  from space 1536K, 88% used [0x00000000d6800000,0x00000000d6954670,0x00000000d6980000)
  to   space 1536K, 0% used [0x00000000d6580000,0x00000000d6580000,0x00000000d6700000)
 ParOldGen       total 68608K, used 47556K [0x0000000080000000, 0x0000000084300000, 0x00000000d5580000)
  object space 68608K, 69% used [0x0000000080000000,0x0000000082e71048,0x0000000084300000)
 Metaspace       used 43803K, committed 44736K, reserved 1114112K
  class space    used 4234K, committed 4672K, reserved 1048576K
}
Event: 22.010 GC heap after
{Heap after GC invocations=45 (full 2):
 PSYoungGen      total 17920K, used 1504K [0x00000000d5580000, 0x00000000d6c80000, 0x0000000100000000)
  eden space 16384K, 0% used [0x00000000d5580000,0x00000000d5580000,0x00000000d6580000)
  from space 1536K, 97% used [0x00000000d6580000,0x00000000d66f8020,0x00000000d6700000)
  to   space 3584K, 0% used [0x00000000d6900000,0x00000000d6900000,0x00000000d6c80000)
 ParOldGen       total 68608K, used 48909K [0x0000000080000000, 0x0000000084300000, 0x00000000d5580000)
  object space 68608K, 71% used [0x0000000080000000,0x0000000082fc3680,0x0000000084300000)
 Metaspace       used 43803K, committed 44736K, reserved 1114112K
  class space    used 4234K, committed 4672K, reserved 1048576K
}
Event: 22.248 GC heap before
{Heap before GC invocations=46 (full 2):
 PSYoungGen      total 17920K, used 17888K [0x00000000d5580000, 0x00000000d6c80000, 0x0000000100000000)
  eden space 16384K, 100% used [0x00000000d5580000,0x00000000d6580000,0x00000000d6580000)
  from space 1536K, 97% used [0x00000000d6580000,0x00000000d66f8020,0x00000000d6700000)
  to   space 3584K, 0% used [0x00000000d6900000,0x00000000d6900000,0x00000000d6c80000)
 ParOldGen       total 68608K, used 48909K [0x0000000080000000, 0x0000000084300000, 0x00000000d5580000)
  object space 68608K, 71% used [0x0000000080000000,0x0000000082fc3680,0x0000000084300000)
 Metaspace       used 43964K, committed 44928K, reserved 1114112K
  class space    used 4234K, committed 4672K, reserved 1048576K
}
Event: 22.250 GC heap after
{Heap after GC invocations=46 (full 2):
 PSYoungGen      total 16896K, used 352K [0x00000000d5580000, 0x00000000d6980000, 0x0000000100000000)
  eden space 16384K, 0% used [0x00000000d5580000,0x00000000d5580000,0x00000000d6580000)
  from space 512K, 68% used [0x00000000d6900000,0x00000000d6958000,0x00000000d6980000)
  to   space 1536K, 0% used [0x00000000d6680000,0x00000000d6680000,0x00000000d6800000)
 ParOldGen       total 68608K, used 50376K [0x0000000080000000, 0x0000000084300000, 0x00000000d5580000)
  object space 68608K, 73% used [0x0000000080000000,0x0000000083132310,0x0000000084300000)
 Metaspace       used 43964K, committed 44928K, reserved 1114112K
  class space    used 4234K, committed 4672K, reserved 1048576K
}
Event: 22.924 GC heap before
{Heap before GC invocations=47 (full 2):
 PSYoungGen      total 16896K, used 16736K [0x00000000d5580000, 0x00000000d6980000, 0x0000000100000000)
  eden space 16384K, 100% used [0x00000000d5580000,0x00000000d6580000,0x00000000d6580000)
  from space 512K, 68% used [0x00000000d6900000,0x00000000d6958000,0x00000000d6980000)
  to   space 1536K, 0% used [0x00000000d6680000,0x00000000d6680000,0x00000000d6800000)
 ParOldGen       total 68608K, used 50376K [0x0000000080000000, 0x0000000084300000, 0x00000000d5580000)
  object space 68608K, 73% used [0x0000000080000000,0x0000000083132310,0x0000000084300000)
 Metaspace       used 44059K, committed 45056K, reserved 1114112K
  class space    used 4234K, committed 4672K, reserved 1048576K
}
Event: 22.926 GC heap after
{Heap after GC invocations=47 (full 2):
 PSYoungGen      total 17920K, used 1520K [0x00000000d5580000, 0x00000000d6980000, 0x0000000100000000)
  eden space 16384K, 0% used [0x00000000d5580000,0x00000000d5580000,0x00000000d6580000)
  from space 1536K, 98% used [0x00000000d6680000,0x00000000d67fc030,0x00000000d6800000)
  to   space 1536K, 0% used [0x00000000d6800000,0x00000000d6800000,0x00000000d6980000)
 ParOldGen       total 68608K, used 50576K [0x0000000080000000, 0x0000000084300000, 0x00000000d5580000)
  object space 68608K, 73% used [0x0000000080000000,0x00000000831640a8,0x0000000084300000)
 Metaspace       used 44059K, committed 45056K, reserved 1114112K
  class space    used 4234K, committed 4672K, reserved 1048576K
}
Event: 23.006 GC heap before
{Heap before GC invocations=48 (full 2):
 PSYoungGen      total 17920K, used 17904K [0x00000000d5580000, 0x00000000d6980000, 0x0000000100000000)
  eden space 16384K, 100% used [0x00000000d5580000,0x00000000d6580000,0x00000000d6580000)
  from space 1536K, 98% used [0x00000000d6680000,0x00000000d67fc030,0x00000000d6800000)
  to   space 1536K, 0% used [0x00000000d6800000,0x00000000d6800000,0x00000000d6980000)
 ParOldGen       total 68608K, used 50576K [0x0000000080000000, 0x0000000084300000, 0x00000000d5580000)
  object space 68608K, 73% used [0x0000000080000000,0x00000000831640a8,0x0000000084300000)
 Metaspace       used 44116K, committed 45120K, reserved 1114112K
  class space    used 4234K, committed 4672K, reserved 1048576K
}
Event: 23.010 GC heap after
{Heap after GC invocations=48 (full 2):
 PSYoungGen      total 16384K, used 1520K [0x00000000d5580000, 0x00000000d6d80000, 0x0000000100000000)
  eden space 14848K, 0% used [0x00000000d5580000,0x00000000d5580000,0x00000000d6400000)
  from space 1536K, 98% used [0x00000000d6800000,0x00000000d697c010,0x00000000d6980000)
  to   space 4096K, 0% used [0x00000000d6400000,0x00000000d6400000,0x00000000d6800000)
 ParOldGen       total 68608K, used 52345K [0x0000000080000000, 0x0000000084300000, 0x00000000d5580000)
  object space 68608K, 76% used [0x0000000080000000,0x000000008331e4d8,0x0000000084300000)
 Metaspace       used 44116K, committed 45120K, reserved 1114112K
  class space    used 4234K, committed 4672K, reserved 1048576K
}
Event: 23.127 GC heap before
{Heap before GC invocations=49 (full 2):
 PSYoungGen      total 16384K, used 16368K [0x00000000d5580000, 0x00000000d6d80000, 0x0000000100000000)
  eden space 14848K, 100% used [0x00000000d5580000,0x00000000d6400000,0x00000000d6400000)
  from space 1536K, 98% used [0x00000000d6800000,0x00000000d697c010,0x00000000d6980000)
  to   space 4096K, 0% used [0x00000000d6400000,0x00000000d6400000,0x00000000d6800000)
 ParOldGen       total 68608K, used 52345K [0x0000000080000000, 0x0000000084300000, 0x00000000d5580000)
  object space 68608K, 76% used [0x0000000080000000,0x000000008331e4d8,0x0000000084300000)
 Metaspace       used 44170K, committed 45184K, reserved 1114112K
  class space    used 4234K, committed 4672K, reserved 1048576K
}
Event: 23.129 GC heap after
{Heap after GC invocations=49 (full 2):
 PSYoungGen      total 15872K, used 752K [0x00000000d5580000, 0x00000000d6880000, 0x0000000100000000)
  eden space 14848K, 0% used [0x00000000d5580000,0x00000000d5580000,0x00000000d6400000)
  from space 1024K, 73% used [0x00000000d6400000,0x00000000d64bc030,0x00000000d6500000)
  to   space 2048K, 0% used [0x00000000d6680000,0x00000000d6680000,0x00000000d6880000)
 ParOldGen       total 68608K, used 53797K [0x0000000080000000, 0x0000000084300000, 0x00000000d5580000)
  object space 68608K, 78% used [0x0000000080000000,0x00000000834896c8,0x0000000084300000)
 Metaspace       used 44170K, committed 45184K, reserved 1114112K
  class space    used 4234K, committed 4672K, reserved 1048576K
}
Event: 23.239 GC heap before
{Heap before GC invocations=50 (full 2):
 PSYoungGen      total 15872K, used 15600K [0x00000000d5580000, 0x00000000d6880000, 0x0000000100000000)
  eden space 14848K, 100% used [0x00000000d5580000,0x00000000d6400000,0x00000000d6400000)
  from space 1024K, 73% used [0x00000000d6400000,0x00000000d64bc030,0x00000000d6500000)
  to   space 2048K, 0% used [0x00000000d6680000,0x00000000d6680000,0x00000000d6880000)
 ParOldGen       total 68608K, used 53797K [0x0000000080000000, 0x0000000084300000, 0x00000000d5580000)
  object space 68608K, 78% used [0x0000000080000000,0x00000000834896c8,0x0000000084300000)
 Metaspace       used 44255K, committed 45248K, reserved 1114112K
  class space    used 4234K, committed 4672K, reserved 1048576K
}
Event: 23.242 GC heap after
{Heap after GC invocations=50 (full 2):
 PSYoungGen      total 15872K, used 2020K [0x00000000d5580000, 0x00000000d6b00000, 0x0000000100000000)
  eden space 13824K, 0% used [0x00000000d5580000,0x00000000d5580000,0x00000000d6300000)
  from space 2048K, 98% used [0x00000000d6680000,0x00000000d6879128,0x00000000d6880000)
  to   space 3584K, 0% used [0x00000000d6300000,0x00000000d6300000,0x00000000d6680000)
 ParOldGen       total 68608K, used 54536K [0x0000000080000000, 0x0000000084300000, 0x00000000d5580000)
  object space 68608K, 79% used [0x0000000080000000,0x00000000835422f8,0x0000000084300000)
 Metaspace       used 44255K, committed 45248K, reserved 1114112K
  class space    used 4234K, committed 4672K, reserved 1048576K
}
Event: 23.338 GC heap before
{Heap before GC invocations=51 (full 2):
 PSYoungGen      total 15872K, used 15844K [0x00000000d5580000, 0x00000000d6b00000, 0x0000000100000000)
  eden space 13824K, 100% used [0x00000000d5580000,0x00000000d6300000,0x00000000d6300000)
  from space 2048K, 98% used [0x00000000d6680000,0x00000000d6879128,0x00000000d6880000)
  to   space 3584K, 0% used [0x00000000d6300000,0x00000000d6300000,0x00000000d6680000)
 ParOldGen       total 68608K, used 54536K [0x0000000080000000, 0x0000000084300000, 0x00000000d5580000)
  object space 68608K, 79% used [0x0000000080000000,0x00000000835422f8,0x0000000084300000)
 Metaspace       used 44256K, committed 45248K, reserved 1114112K
  class space    used 4234K, committed 4672K, reserved 1048576K
}
Event: 23.341 GC heap after
{Heap after GC invocations=51 (full 2):
 PSYoungGen      total 15872K, used 1904K [0x00000000d5580000, 0x00000000d6800000, 0x0000000100000000)
  eden space 13824K, 0% used [0x00000000d5580000,0x00000000d5580000,0x00000000d6300000)
  from space 2048K, 92% used [0x00000000d6300000,0x00000000d64dc050,0x00000000d6500000)
  to   space 2560K, 0% used [0x00000000d6580000,0x00000000d6580000,0x00000000d6800000)
 ParOldGen       total 68608K, used 56530K [0x0000000080000000, 0x0000000084300000, 0x00000000d5580000)
  object space 68608K, 82% used [0x0000000080000000,0x0000000083734a00,0x0000000084300000)
 Metaspace       used 44256K, committed 45248K, reserved 1114112K
  class space    used 4234K, committed 4672K, reserved 1048576K
}
Event: 23.656 GC heap before
{Heap before GC invocations=52 (full 2):
 PSYoungGen      total 15872K, used 15728K [0x00000000d5580000, 0x00000000d6800000, 0x0000000100000000)
  eden space 13824K, 100% used [0x00000000d5580000,0x00000000d6300000,0x00000000d6300000)
  from space 2048K, 92% used [0x00000000d6300000,0x00000000d64dc050,0x00000000d6500000)
  to   space 2560K, 0% used [0x00000000d6580000,0x00000000d6580000,0x00000000d6800000)
 ParOldGen       total 68608K, used 56530K [0x0000000080000000, 0x0000000084300000, 0x00000000d5580000)
  object space 68608K, 82% used [0x0000000080000000,0x0000000083734a00,0x0000000084300000)
 Metaspace       used 44275K, committed 45248K, reserved 1114112K
  class space    used 4234K, committed 4672K, reserved 1048576K
}
Event: 23.660 GC heap after
{Heap after GC invocations=52 (full 2):
 PSYoungGen      total 14848K, used 896K [0x00000000d5580000, 0x00000000d6680000, 0x0000000100000000)
  eden space 13824K, 0% used [0x00000000d5580000,0x00000000d5580000,0x00000000d6300000)
  from space 1024K, 87% used [0x00000000d6580000,0x00000000d6660000,0x00000000d6680000)
  to   space 1536K, 0% used [0x00000000d6380000,0x00000000d6380000,0x00000000d6500000)
 ParOldGen       total 68608K, used 58349K [0x0000000080000000, 0x0000000084300000, 0x00000000d5580000)
  object space 68608K, 85% used [0x0000000080000000,0x00000000838fb728,0x0000000084300000)
 Metaspace       used 44275K, committed 45248K, reserved 1114112K
  class space    used 4234K, committed 4672K, reserved 1048576K
}
Event: 24.171 GC heap before
{Heap before GC invocations=53 (full 2):
 PSYoungGen      total 14848K, used 14720K [0x00000000d5580000, 0x00000000d6680000, 0x0000000100000000)
  eden space 13824K, 100% used [0x00000000d5580000,0x00000000d6300000,0x00000000d6300000)
  from space 1024K, 87% used [0x00000000d6580000,0x00000000d6660000,0x00000000d6680000)
  to   space 1536K, 0% used [0x00000000d6380000,0x00000000d6380000,0x00000000d6500000)
 ParOldGen       total 68608K, used 58349K [0x0000000080000000, 0x0000000084300000, 0x00000000d5580000)
  object space 68608K, 85% used [0x0000000080000000,0x00000000838fb728,0x0000000084300000)
 Metaspace       used 44302K, committed 45248K, reserved 1114112K
  class space    used 4234K, committed 4672K, reserved 1048576K
}
Event: 24.173 GC heap after
{Heap after GC invocations=53 (full 2):
 PSYoungGen      total 15360K, used 1200K [0x00000000d5580000, 0x00000000d6600000, 0x0000000100000000)
  eden space 13824K, 0% used [0x00000000d5580000,0x00000000d5580000,0x00000000d6300000)
  from space 1536K, 78% used [0x00000000d6380000,0x00000000d64ac010,0x00000000d6500000)
  to   space 1024K, 0% used [0x00000000d6500000,0x00000000d6500000,0x00000000d6600000)
 ParOldGen       total 68608K, used 59043K [0x0000000080000000, 0x0000000084300000, 0x00000000d5580000)
  object space 68608K, 86% used [0x0000000080000000,0x00000000839a8f98,0x0000000084300000)
 Metaspace       used 44302K, committed 45248K, reserved 1114112K
  class space    used 4234K, committed 4672K, reserved 1048576K
}

