# JRE version: OpenJDK Runtime Environment Temurin-21.0.8+9 (21.0.8+9) (build 21.0.8+9-LTS)
# Java VM: OpenJDK 64-Bit Server VM Temurin-21.0.8+9 (21.0.8+9-LTS, mixed mode, sharing, tiered, compressed oops, compressed class ptrs, parallel gc, windows-amd64)
GC Precious Log:
 CardTable entry size: 512
 CPUs: 8 total, 8 available
 Memory: 11972M
 Large Page Support: Disabled
 NUMA Support: Disabled
 Compressed Oops: Enabled (32-bit)
 Alignments: Space 512K, Generation 512K, Heap 2M
 Heap Min Capacity: 100M
 Heap Initial Capacity: 100M
 Heap Max Capacity: 2G
 Pre-touch: Disabled
 Parallel Workers: 8
Heap:
 PSYoungGen      total 23040K, used 3864K [0x00000000d5580000, 0x00000000d6e00000, 0x0000000100000000)
  eden space 20992K, 10% used [0x00000000d5580000,0x00000000d57b20a8,0x00000000d6a00000)
  from space 2048K, 78% used [0x00000000d6a00000,0x00000000d6b94050,0x00000000d6c00000)
  to   space 2048K, 0% used [0x00000000d6c00000,0x00000000d6c00000,0x00000000d6e00000)
 ParOldGen       total 68608K, used 39444K [0x0000000080000000, 0x0000000084300000, 0x00000000d5580000)
  object space 68608K, 57% used [0x0000000080000000,0x00000000826852c8,0x0000000084300000)
 Metaspace       used 41316K, committed 42304K, reserved 1114112K
  class space    used 4069K, committed 4544K, reserved 1048576K
GC Heap History (20 events):
Event: 20.828 GC heap before
{Heap before GC invocations=30 (full 2):
 PSYoungGen      total 23552K, used 23040K [0x00000000d5580000, 0x00000000d6e00000, 0x0000000100000000)
  eden space 22016K, 100% used [0x00000000d5580000,0x00000000d6b00000,0x00000000d6b00000)
  from space 1536K, 66% used [0x00000000d6b00000,0x00000000d6c00030,0x00000000d6c80000)
  to   space 1536K, 0% used [0x00000000d6c80000,0x00000000d6c80000,0x00000000d6e00000)
 ParOldGen       total 68608K, used 35475K [0x0000000080000000, 0x0000000084300000, 0x00000000d5580000)
  object space 68608K, 51% used [0x0000000080000000,0x00000000822a4d70,0x0000000084300000)
 Metaspace       used 39982K, committed 40960K, reserved 1114112K
  class space    used 3959K, committed 4416K, reserved 1048576K
}
Event: 20.831 GC heap after
{Heap after GC invocations=30 (full 2):
 PSYoungGen      total 23040K, used 608K [0x00000000d5580000, 0x00000000d6d80000, 0x0000000100000000)
  eden space 22016K, 0% used [0x00000000d5580000,0x00000000d5580000,0x00000000d6b00000)
  from space 1024K, 59% used [0x00000000d6c80000,0x00000000d6d18000,0x00000000d6d80000)
  to   space 1024K, 0% used [0x00000000d6b80000,0x00000000d6b80000,0x00000000d6c80000)
 ParOldGen       total 68608K, used 36321K [0x0000000080000000, 0x0000000084300000, 0x00000000d5580000)
  object space 68608K, 52% used [0x0000000080000000,0x00000000823784d8,0x0000000084300000)
 Metaspace       used 39982K, committed 40960K, reserved 1114112K
  class space    used 3959K, committed 4416K, reserved 1048576K
}
Event: 21.167 GC heap before
{Heap before GC invocations=31 (full 2):
 PSYoungGen      total 23040K, used 22624K [0x00000000d5580000, 0x00000000d6d80000, 0x0000000100000000)
  eden space 22016K, 100% used [0x00000000d5580000,0x00000000d6b00000,0x00000000d6b00000)
  from space 1024K, 59% used [0x00000000d6c80000,0x00000000d6d18000,0x00000000d6d80000)
  to   space 1024K, 0% used [0x00000000d6b80000,0x00000000d6b80000,0x00000000d6c80000)
 ParOldGen       total 68608K, used 36321K [0x0000000080000000, 0x0000000084300000, 0x00000000d5580000)
  object space 68608K, 52% used [0x0000000080000000,0x00000000823784d8,0x0000000084300000)
 Metaspace       used 40046K, committed 41024K, reserved 1114112K
  class space    used 3959K, committed 4416K, reserved 1048576K
}
Event: 21.169 GC heap after
{Heap after GC invocations=31 (full 2):
 PSYoungGen      total 23040K, used 384K [0x00000000d5580000, 0x00000000d6d00000, 0x0000000100000000)
  eden space 22016K, 0% used [0x00000000d5580000,0x00000000d5580000,0x00000000d6b00000)
  from space 1024K, 37% used [0x00000000d6b80000,0x00000000d6be0000,0x00000000d6c80000)
  to   space 512K, 0% used [0x00000000d6c80000,0x00000000d6c80000,0x00000000d6d00000)
 ParOldGen       total 68608K, used 36585K [0x0000000080000000, 0x0000000084300000, 0x00000000d5580000)
  object space 68608K, 53% used [0x0000000080000000,0x00000000823ba4d8,0x0000000084300000)
 Metaspace       used 40046K, committed 41024K, reserved 1114112K
  class space    used 3959K, committed 4416K, reserved 1048576K
}
Event: 21.307 GC heap before
{Heap before GC invocations=32 (full 2):
 PSYoungGen      total 23040K, used 22400K [0x00000000d5580000, 0x00000000d6d00000, 0x0000000100000000)
  eden space 22016K, 100% used [0x00000000d5580000,0x00000000d6b00000,0x00000000d6b00000)
  from space 1024K, 37% used [0x00000000d6b80000,0x00000000d6be0000,0x00000000d6c80000)
  to   space 512K, 0% used [0x00000000d6c80000,0x00000000d6c80000,0x00000000d6d00000)
 ParOldGen       total 68608K, used 36585K [0x0000000080000000, 0x0000000084300000, 0x00000000d5580000)
  object space 68608K, 53% used [0x0000000080000000,0x00000000823ba4d8,0x0000000084300000)
 Metaspace       used 40061K, committed 41024K, reserved 1114112K
  class space    used 3959K, committed 4416K, reserved 1048576K
}
Event: 21.309 GC heap after
{Heap after GC invocations=32 (full 2):
 PSYoungGen      total 22528K, used 496K [0x00000000d5580000, 0x00000000d6d00000, 0x0000000100000000)
  eden space 22016K, 0% used [0x00000000d5580000,0x00000000d5580000,0x00000000d6b00000)
  from space 512K, 96% used [0x00000000d6c80000,0x00000000d6cfc010,0x00000000d6d00000)
  to   space 1024K, 0% used [0x00000000d6b00000,0x00000000d6b00000,0x00000000d6c00000)
 ParOldGen       total 68608K, used 36825K [0x0000000080000000, 0x0000000084300000, 0x00000000d5580000)
  object space 68608K, 53% used [0x0000000080000000,0x00000000823f64d8,0x0000000084300000)
 Metaspace       used 40061K, committed 41024K, reserved 1114112K
  class space    used 3959K, committed 4416K, reserved 1048576K
}
Event: 21.643 GC heap before
{Heap before GC invocations=33 (full 2):
 PSYoungGen      total 22528K, used 22512K [0x00000000d5580000, 0x00000000d6d00000, 0x0000000100000000)
  eden space 22016K, 100% used [0x00000000d5580000,0x00000000d6b00000,0x00000000d6b00000)
  from space 512K, 96% used [0x00000000d6c80000,0x00000000d6cfc010,0x00000000d6d00000)
  to   space 1024K, 0% used [0x00000000d6b00000,0x00000000d6b00000,0x00000000d6c00000)
 ParOldGen       total 68608K, used 36825K [0x0000000080000000, 0x0000000084300000, 0x00000000d5580000)
  object space 68608K, 53% used [0x0000000080000000,0x00000000823f64d8,0x0000000084300000)
 Metaspace       used 40087K, committed 41088K, reserved 1114112K
  class space    used 3959K, committed 4416K, reserved 1048576K
}
Event: 21.645 GC heap after
{Heap after GC invocations=33 (full 2):
 PSYoungGen      total 23040K, used 576K [0x00000000d5580000, 0x00000000d6d00000, 0x0000000100000000)
  eden space 22016K, 0% used [0x00000000d5580000,0x00000000d5580000,0x00000000d6b00000)
  from space 1024K, 56% used [0x00000000d6b00000,0x00000000d6b90010,0x00000000d6c00000)
  to   space 1024K, 0% used [0x00000000d6c00000,0x00000000d6c00000,0x00000000d6d00000)
 ParOldGen       total 68608K, used 37001K [0x0000000080000000, 0x0000000084300000, 0x00000000d5580000)
  object space 68608K, 53% used [0x0000000080000000,0x00000000824224d8,0x0000000084300000)
 Metaspace       used 40087K, committed 41088K, reserved 1114112K
  class space    used 3959K, committed 4416K, reserved 1048576K
}
Event: 21.837 GC heap before
{Heap before GC invocations=34 (full 2):
 PSYoungGen      total 23040K, used 22592K [0x00000000d5580000, 0x00000000d6d00000, 0x0000000100000000)
  eden space 22016K, 100% used [0x00000000d5580000,0x00000000d6b00000,0x00000000d6b00000)
  from space 1024K, 56% used [0x00000000d6b00000,0x00000000d6b90010,0x00000000d6c00000)
  to   space 1024K, 0% used [0x00000000d6c00000,0x00000000d6c00000,0x00000000d6d00000)
 ParOldGen       total 68608K, used 37001K [0x0000000080000000, 0x0000000084300000, 0x00000000d5580000)
  object space 68608K, 53% used [0x0000000080000000,0x00000000824224d8,0x0000000084300000)
 Metaspace       used 40115K, committed 41088K, reserved 1114112K
  class space    used 3959K, committed 4416K, reserved 1048576K
}
Event: 21.839 GC heap after
{Heap after GC invocations=34 (full 2):
 PSYoungGen      total 23040K, used 480K [0x00000000d5580000, 0x00000000d6d00000, 0x0000000100000000)
  eden space 22016K, 0% used [0x00000000d5580000,0x00000000d5580000,0x00000000d6b00000)
  from space 1024K, 46% used [0x00000000d6c00000,0x00000000d6c78000,0x00000000d6d00000)
  to   space 1024K, 0% used [0x00000000d6b00000,0x00000000d6b00000,0x00000000d6c00000)
 ParOldGen       total 68608K, used 37297K [0x0000000080000000, 0x0000000084300000, 0x00000000d5580000)
  object space 68608K, 54% used [0x0000000080000000,0x000000008246c4e8,0x0000000084300000)
 Metaspace       used 40115K, committed 41088K, reserved 1114112K
  class space    used 3959K, committed 4416K, reserved 1048576K
}
Event: 21.958 GC heap before
{Heap before GC invocations=35 (full 2):
 PSYoungGen      total 23040K, used 22496K [0x00000000d5580000, 0x00000000d6d00000, 0x0000000100000000)
  eden space 22016K, 100% used [0x00000000d5580000,0x00000000d6b00000,0x00000000d6b00000)
  from space 1024K, 46% used [0x00000000d6c00000,0x00000000d6c78000,0x00000000d6d00000)
  to   space 1024K, 0% used [0x00000000d6b00000,0x00000000d6b00000,0x00000000d6c00000)
 ParOldGen       total 68608K, used 37297K [0x0000000080000000, 0x0000000084300000, 0x00000000d5580000)
  object space 68608K, 54% used [0x0000000080000000,0x000000008246c4e8,0x0000000084300000)
 Metaspace       used 40137K, committed 41088K, reserved 1114112K
  class space    used 3959K, committed 4416K, reserved 1048576K
}
Event: 21.959 GC heap after
{Heap after GC invocations=35 (full 2):
 PSYoungGen      total 23040K, used 384K [0x00000000d5580000, 0x00000000d6c80000, 0x0000000100000000)
  eden space 22016K, 0% used [0x00000000d5580000,0x00000000d5580000,0x00000000d6b00000)
  from space 1024K, 37% used [0x00000000d6b00000,0x00000000d6b60000,0x00000000d6c00000)
  to   space 512K, 0% used [0x00000000d6c00000,0x00000000d6c00000,0x00000000d6c80000)
 ParOldGen       total 68608K, used 37513K [0x0000000080000000, 0x0000000084300000, 0x00000000d5580000)
  object space 68608K, 54% used [0x0000000080000000,0x00000000824a24e8,0x0000000084300000)
 Metaspace       used 40137K, committed 41088K, reserved 1114112K
  class space    used 3959K, committed 4416K, reserved 1048576K
}
Event: 22.173 GC heap before
{Heap before GC invocations=36 (full 2):
 PSYoungGen      total 23040K, used 22400K [0x00000000d5580000, 0x00000000d6c80000, 0x0000000100000000)
  eden space 22016K, 100% used [0x00000000d5580000,0x00000000d6b00000,0x00000000d6b00000)
  from space 1024K, 37% used [0x00000000d6b00000,0x00000000d6b60000,0x00000000d6c00000)
  to   space 512K, 0% used [0x00000000d6c00000,0x00000000d6c00000,0x00000000d6c80000)
 ParOldGen       total 68608K, used 37513K [0x0000000080000000, 0x0000000084300000, 0x00000000d5580000)
  object space 68608K, 54% used [0x0000000080000000,0x00000000824a24e8,0x0000000084300000)
 Metaspace       used 40205K, committed 41216K, reserved 1114112K
  class space    used 3962K, committed 4480K, reserved 1048576K
}
Event: 22.175 GC heap after
{Heap after GC invocations=36 (full 2):
 PSYoungGen      total 22528K, used 500K [0x00000000d5580000, 0x00000000d6d00000, 0x0000000100000000)
  eden space 22016K, 0% used [0x00000000d5580000,0x00000000d5580000,0x00000000d6b00000)
  from space 512K, 97% used [0x00000000d6c00000,0x00000000d6c7d1d0,0x00000000d6c80000)
  to   space 1024K, 0% used [0x00000000d6b00000,0x00000000d6b00000,0x00000000d6c00000)
 ParOldGen       total 68608K, used 37705K [0x0000000080000000, 0x0000000084300000, 0x00000000d5580000)
  object space 68608K, 54% used [0x0000000080000000,0x00000000824d24e8,0x0000000084300000)
 Metaspace       used 40205K, committed 41216K, reserved 1114112K
  class space    used 3962K, committed 4480K, reserved 1048576K
}
Event: 22.687 GC heap before
{Heap before GC invocations=37 (full 2):
 PSYoungGen      total 22528K, used 22516K [0x00000000d5580000, 0x00000000d6d00000, 0x0000000100000000)
  eden space 22016K, 100% used [0x00000000d5580000,0x00000000d6b00000,0x00000000d6b00000)
  from space 512K, 97% used [0x00000000d6c00000,0x00000000d6c7d1d0,0x00000000d6c80000)
  to   space 1024K, 0% used [0x00000000d6b00000,0x00000000d6b00000,0x00000000d6c00000)
 ParOldGen       total 68608K, used 37705K [0x0000000080000000, 0x0000000084300000, 0x00000000d5580000)
  object space 68608K, 54% used [0x0000000080000000,0x00000000824d24e8,0x0000000084300000)
 Metaspace       used 40309K, committed 41408K, reserved 1114112K
  class space    used 3965K, committed 4480K, reserved 1048576K
}
Event: 22.688 GC heap after
{Heap after GC invocations=37 (full 2):
 PSYoungGen      total 23040K, used 576K [0x00000000d5580000, 0x00000000d6d00000, 0x0000000100000000)
  eden space 22016K, 0% used [0x00000000d5580000,0x00000000d5580000,0x00000000d6b00000)
  from space 1024K, 56% used [0x00000000d6b00000,0x00000000d6b90000,0x00000000d6c00000)
  to   space 1024K, 0% used [0x00000000d6c00000,0x00000000d6c00000,0x00000000d6d00000)
 ParOldGen       total 68608K, used 37974K [0x0000000080000000, 0x0000000084300000, 0x00000000d5580000)
  object space 68608K, 55% used [0x0000000080000000,0x0000000082515938,0x0000000084300000)
 Metaspace       used 40309K, committed 41408K, reserved 1114112K
  class space    used 3965K, committed 4480K, reserved 1048576K
}
Event: 22.978 GC heap before
{Heap before GC invocations=38 (full 2):
 PSYoungGen      total 23040K, used 22592K [0x00000000d5580000, 0x00000000d6d00000, 0x0000000100000000)
  eden space 22016K, 100% used [0x00000000d5580000,0x00000000d6b00000,0x00000000d6b00000)
  from space 1024K, 56% used [0x00000000d6b00000,0x00000000d6b90000,0x00000000d6c00000)
  to   space 1024K, 0% used [0x00000000d6c00000,0x00000000d6c00000,0x00000000d6d00000)
 ParOldGen       total 68608K, used 37974K [0x0000000080000000, 0x0000000084300000, 0x00000000d5580000)
  object space 68608K, 55% used [0x0000000080000000,0x0000000082515938,0x0000000084300000)
 Metaspace       used 40340K, committed 41408K, reserved 1114112K
  class space    used 3967K, committed 4480K, reserved 1048576K
}
Event: 22.980 GC heap after
{Heap after GC invocations=38 (full 2):
 PSYoungGen      total 22016K, used 1000K [0x00000000d5580000, 0x00000000d6f00000, 0x0000000100000000)
  eden space 20992K, 0% used [0x00000000d5580000,0x00000000d5580000,0x00000000d6a00000)
  from space 1024K, 97% used [0x00000000d6c00000,0x00000000d6cfa020,0x00000000d6d00000)
  to   space 2048K, 0% used [0x00000000d6a00000,0x00000000d6a00000,0x00000000d6c00000)
 ParOldGen       total 68608K, used 38506K [0x0000000080000000, 0x0000000084300000, 0x00000000d5580000)
  object space 68608K, 56% used [0x0000000080000000,0x000000008259a830,0x0000000084300000)
 Metaspace       used 40340K, committed 41408K, reserved 1114112K
  class space    used 3967K, committed 4480K, reserved 1048576K
}
Event: 24.278 GC heap before
{Heap before GC invocations=39 (full 2):
 PSYoungGen      total 22016K, used 21992K [0x00000000d5580000, 0x00000000d6f00000, 0x0000000100000000)
  eden space 20992K, 99% used [0x00000000d5580000,0x00000000d69ffff0,0x00000000d6a00000)
  from space 1024K, 97% used [0x00000000d6c00000,0x00000000d6cfa020,0x00000000d6d00000)
  to   space 2048K, 0% used [0x00000000d6a00000,0x00000000d6a00000,0x00000000d6c00000)
 ParOldGen       total 68608K, used 38506K [0x0000000080000000, 0x0000000084300000, 0x00000000d5580000)
  object space 68608K, 56% used [0x0000000080000000,0x000000008259a830,0x0000000084300000)
 Metaspace       used 41036K, committed 42048K, reserved 1114112K
  class space    used 4035K, committed 4544K, reserved 1048576K
}
Event: 24.281 GC heap after
{Heap after GC invocations=39 (full 2):
 PSYoungGen      total 23040K, used 1616K [0x00000000d5580000, 0x00000000d6e00000, 0x0000000100000000)
  eden space 20992K, 0% used [0x00000000d5580000,0x00000000d5580000,0x00000000d6a00000)
  from space 2048K, 78% used [0x00000000d6a00000,0x00000000d6b94050,0x00000000d6c00000)
  to   space 2048K, 0% used [0x00000000d6c00000,0x00000000d6c00000,0x00000000d6e00000)
 ParOldGen       total 68608K, used 39444K [0x0000000080000000, 0x0000000084300000, 0x00000000d5580000)
  object space 68608K, 57% used [0x0000000080000000,0x00000000826852c8,0x0000000084300000)
 Metaspace       used 41036K, committed 42048K, reserved 1114112K
  class space    used 4035K, committed 4544K, reserved 1048576K
}

