# JRE version: OpenJDK Runtime Environment Temurin-21.0.8+9 (21.0.8+9) (build 21.0.8+9-LTS)
# Java VM: OpenJDK 64-Bit Server VM Temurin-21.0.8+9 (21.0.8+9-LTS, mixed mode, sharing, tiered, compressed oops, compressed class ptrs, parallel gc, windows-amd64)
GC Precious Log:
 CardTable entry size: 512
 CPUs: 8 total, 8 available
 Memory: 11972M
 Large Page Support: Disabled
 NUMA Support: Disabled
 Compressed Oops: Enabled (32-bit)
 Alignments: Space 512K, Generation 512K, Heap 2M
 Heap Min Capacity: 100M
 Heap Initial Capacity: 100M
 Heap Max Capacity: 2G
 Pre-touch: Disabled
 Parallel Workers: 8
Heap:
 PSYoungGen      total 27136K, used 15797K [0x00000000d5580000, 0x00000000d8000000, 0x0000000100000000)
  eden space 26112K, 57% used [0x00000000d5580000,0x00000000d64356e8,0x00000000d6f00000)
  from space 1024K, 71% used [0x00000000d7f00000,0x00000000d7fb8000,0x00000000d8000000)
  to   space 6144K, 0% used [0x00000000d7400000,0x00000000d7400000,0x00000000d7a00000)
 ParOldGen       total 118272K, used 118261K [0x0000000080000000, 0x0000000087380000, 0x00000000d5580000)
  object space 118272K, 99% used [0x0000000080000000,0x000000008737d548,0x0000000087380000)
 Metaspace       used 59562K, committed 61056K, reserved 1114112K
  class space    used 6347K, committed 6976K, reserved 1048576K
GC Heap History (20 events):
Event: 26.113 GC heap after
{Heap after GC invocations=56 (full 3):
 PSYoungGen      total 22016K, used 724K [0x00000000d5580000, 0x00000000d6d80000, 0x0000000100000000)
  eden space 20992K, 0% used [0x00000000d5580000,0x00000000d5580000,0x00000000d6a00000)
  from space 1024K, 70% used [0x00000000d6a00000,0x00000000d6ab5238,0x00000000d6b00000)
  to   space 1024K, 0% used [0x00000000d6c80000,0x00000000d6c80000,0x00000000d6d80000)
 ParOldGen       total 68608K, used 57784K [0x0000000080000000, 0x0000000084300000, 0x00000000d5580000)
  object space 68608K, 84% used [0x0000000080000000,0x000000008386e1f0,0x0000000084300000)
 Metaspace       used 58655K, committed 60096K, reserved 1114112K
  class space    used 6256K, committed 6848K, reserved 1048576K
}
Event: 26.191 GC heap before
{Heap before GC invocations=57 (full 3):
 PSYoungGen      total 22016K, used 21716K [0x00000000d5580000, 0x00000000d6d80000, 0x0000000100000000)
  eden space 20992K, 100% used [0x00000000d5580000,0x00000000d6a00000,0x00000000d6a00000)
  from space 1024K, 70% used [0x00000000d6a00000,0x00000000d6ab5238,0x00000000d6b00000)
  to   space 1024K, 0% used [0x00000000d6c80000,0x00000000d6c80000,0x00000000d6d80000)
 ParOldGen       total 68608K, used 60031K [0x0000000080000000, 0x0000000084300000, 0x00000000d5580000)
  object space 68608K, 87% used [0x0000000080000000,0x0000000083a9ff08,0x0000000084300000)
 Metaspace       used 58655K, committed 60096K, reserved 1114112K
  class space    used 6256K, committed 6848K, reserved 1048576K
}
Event: 26.193 GC heap after
{Heap after GC invocations=57 (full 3):
 PSYoungGen      total 21504K, used 448K [0x00000000d5580000, 0x00000000d6d00000, 0x0000000100000000)
  eden space 20992K, 0% used [0x00000000d5580000,0x00000000d5580000,0x00000000d6a00000)
  from space 512K, 87% used [0x00000000d6c80000,0x00000000d6cf0000,0x00000000d6d00000)
  to   space 1024K, 0% used [0x00000000d6b00000,0x00000000d6b00000,0x00000000d6c00000)
 ParOldGen       total 68608K, used 60598K [0x0000000080000000, 0x0000000084300000, 0x00000000d5580000)
  object space 68608K, 88% used [0x0000000080000000,0x0000000083b2db28,0x0000000084300000)
 Metaspace       used 58655K, committed 60096K, reserved 1114112K
  class space    used 6256K, committed 6848K, reserved 1048576K
}
Event: 26.223 GC heap before
{Heap before GC invocations=58 (full 3):
 PSYoungGen      total 21504K, used 21440K [0x00000000d5580000, 0x00000000d6d00000, 0x0000000100000000)
  eden space 20992K, 100% used [0x00000000d5580000,0x00000000d6a00000,0x00000000d6a00000)
  from space 512K, 87% used [0x00000000d6c80000,0x00000000d6cf0000,0x00000000d6d00000)
  to   space 1024K, 0% used [0x00000000d6b00000,0x00000000d6b00000,0x00000000d6c00000)
 ParOldGen       total 68608K, used 60602K [0x0000000080000000, 0x0000000084300000, 0x00000000d5580000)
  object space 68608K, 88% used [0x0000000080000000,0x0000000083b2ea30,0x0000000084300000)
 Metaspace       used 58667K, committed 60160K, reserved 1114112K
  class space    used 6256K, committed 6848K, reserved 1048576K
}
Event: 26.227 GC heap after
{Heap after GC invocations=58 (full 3):
 PSYoungGen      total 22016K, used 935K [0x00000000d5580000, 0x00000000d6d00000, 0x0000000100000000)
  eden space 20992K, 0% used [0x00000000d5580000,0x00000000d5580000,0x00000000d6a00000)
  from space 1024K, 91% used [0x00000000d6b00000,0x00000000d6be9c60,0x00000000d6c00000)
  to   space 1024K, 0% used [0x00000000d6c00000,0x00000000d6c00000,0x00000000d6d00000)
 ParOldGen       total 76288K, used 68670K [0x0000000080000000, 0x0000000084a80000, 0x00000000d5580000)
  object space 76288K, 90% used [0x0000000080000000,0x000000008430fa40,0x0000000084a80000)
 Metaspace       used 58667K, committed 60160K, reserved 1114112K
  class space    used 6256K, committed 6848K, reserved 1048576K
}
Event: 26.244 GC heap before
{Heap before GC invocations=59 (full 3):
 PSYoungGen      total 22016K, used 21927K [0x00000000d5580000, 0x00000000d6d00000, 0x0000000100000000)
  eden space 20992K, 100% used [0x00000000d5580000,0x00000000d6a00000,0x00000000d6a00000)
  from space 1024K, 91% used [0x00000000d6b00000,0x00000000d6be9c60,0x00000000d6c00000)
  to   space 1024K, 0% used [0x00000000d6c00000,0x00000000d6c00000,0x00000000d6d00000)
 ParOldGen       total 76288K, used 69593K [0x0000000080000000, 0x0000000084a80000, 0x00000000d5580000)
  object space 76288K, 91% used [0x0000000080000000,0x00000000843f6738,0x0000000084a80000)
 Metaspace       used 58672K, committed 60160K, reserved 1114112K
  class space    used 6256K, committed 6848K, reserved 1048576K
}
Event: 26.252 GC heap after
{Heap after GC invocations=59 (full 3):
 PSYoungGen      total 21504K, used 436K [0x00000000d5580000, 0x00000000d6c80000, 0x0000000100000000)
  eden space 20992K, 0% used [0x00000000d5580000,0x00000000d5580000,0x00000000d6a00000)
  from space 512K, 85% used [0x00000000d6c00000,0x00000000d6c6d0e0,0x00000000d6c80000)
  to   space 1024K, 0% used [0x00000000d6a80000,0x00000000d6a80000,0x00000000d6b80000)
 ParOldGen       total 91648K, used 85630K [0x0000000080000000, 0x0000000085980000, 0x00000000d5580000)
  object space 91648K, 93% used [0x0000000080000000,0x000000008539fb88,0x0000000085980000)
 Metaspace       used 58672K, committed 60160K, reserved 1114112K
  class space    used 6256K, committed 6848K, reserved 1048576K
}
Event: 26.275 GC heap before
{Heap before GC invocations=60 (full 3):
 PSYoungGen      total 21504K, used 18488K [0x00000000d5580000, 0x00000000d6c80000, 0x0000000100000000)
  eden space 20992K, 85% used [0x00000000d5580000,0x00000000d6720f30,0x00000000d6a00000)
  from space 512K, 85% used [0x00000000d6c00000,0x00000000d6c6d0e0,0x00000000d6c80000)
  to   space 1024K, 0% used [0x00000000d6a80000,0x00000000d6a80000,0x00000000d6b80000)
 ParOldGen       total 91648K, used 85630K [0x0000000080000000, 0x0000000085980000, 0x00000000d5580000)
  object space 91648K, 93% used [0x0000000080000000,0x000000008539fb88,0x0000000085980000)
 Metaspace       used 58674K, committed 60160K, reserved 1114112K
  class space    used 6256K, committed 6848K, reserved 1048576K
}
Event: 26.327 GC heap after
{Heap after GC invocations=60 (full 3):
 PSYoungGen      total 21504K, used 18488K [0x00000000d5580000, 0x00000000d6c80000, 0x0000000100000000)
  eden space 20992K, 85% used [0x00000000d5580000,0x00000000d6720f30,0x00000000d6a00000)
  from space 512K, 85% used [0x00000000d6c00000,0x00000000d6c6d0e0,0x00000000d6c80000)
  to   space 1024K, 49% used [0x00000000d6a80000,0x00000000d6aff8e8,0x00000000d6b80000)
 ParOldGen       total 91648K, used 85823K [0x0000000080000000, 0x0000000085980000, 0x00000000d5580000)
  object space 91648K, 93% used [0x0000000080000000,0x00000000853cfc78,0x0000000085980000)
 Metaspace       used 58674K, committed 60160K, reserved 1114112K
  class space    used 6256K, committed 6848K, reserved 1048576K
}
Event: 26.327 GC heap before
{Heap before GC invocations=61 (full 4):
 PSYoungGen      total 21504K, used 18488K [0x00000000d5580000, 0x00000000d6c80000, 0x0000000100000000)
  eden space 20992K, 85% used [0x00000000d5580000,0x00000000d6720f30,0x00000000d6a00000)
  from space 512K, 85% used [0x00000000d6c00000,0x00000000d6c6d0e0,0x00000000d6c80000)
  to   space 1024K, 49% used [0x00000000d6a80000,0x00000000d6aff8e8,0x00000000d6b80000)
 ParOldGen       total 91648K, used 85823K [0x0000000080000000, 0x0000000085980000, 0x00000000d5580000)
  object space 91648K, 93% used [0x0000000080000000,0x00000000853cfc78,0x0000000085980000)
 Metaspace       used 58674K, committed 60160K, reserved 1114112K
  class space    used 6256K, committed 6848K, reserved 1048576K
}
Event: 26.453 GC heap after
{Heap after GC invocations=61 (full 4):
 PSYoungGen      total 22528K, used 0K [0x00000000d5580000, 0x00000000d6f80000, 0x0000000100000000)
  eden space 21504K, 0% used [0x00000000d5580000,0x00000000d5580000,0x00000000d6a80000)
  from space 1024K, 0% used [0x00000000d6a80000,0x00000000d6a80000,0x00000000d6b80000)
  to   space 1024K, 0% used [0x00000000d6e80000,0x00000000d6e80000,0x00000000d6f80000)
 ParOldGen       total 91648K, used 66040K [0x0000000080000000, 0x0000000085980000, 0x00000000d5580000)
  object space 91648K, 72% used [0x0000000080000000,0x000000008407e2e8,0x0000000085980000)
 Metaspace       used 58674K, committed 60160K, reserved 1114112K
  class space    used 6256K, committed 6848K, reserved 1048576K
}
Event: 26.482 GC heap before
{Heap before GC invocations=62 (full 4):
 PSYoungGen      total 22528K, used 21504K [0x00000000d5580000, 0x00000000d6f80000, 0x0000000100000000)
  eden space 21504K, 100% used [0x00000000d5580000,0x00000000d6a80000,0x00000000d6a80000)
  from space 1024K, 0% used [0x00000000d6a80000,0x00000000d6a80000,0x00000000d6b80000)
  to   space 1024K, 0% used [0x00000000d6e80000,0x00000000d6e80000,0x00000000d6f80000)
 ParOldGen       total 91648K, used 66040K [0x0000000080000000, 0x0000000085980000, 0x00000000d5580000)
  object space 91648K, 72% used [0x0000000080000000,0x000000008407e2e8,0x0000000085980000)
 Metaspace       used 58698K, committed 60224K, reserved 1114112K
  class space    used 6261K, committed 6912K, reserved 1048576K
}
Event: 26.485 GC heap after
{Heap after GC invocations=62 (full 4):
 PSYoungGen      total 25600K, used 578K [0x00000000d5580000, 0x00000000d6f80000, 0x0000000100000000)
  eden space 24576K, 0% used [0x00000000d5580000,0x00000000d5580000,0x00000000d6d80000)
  from space 1024K, 56% used [0x00000000d6e80000,0x00000000d6f10818,0x00000000d6f80000)
  to   space 1024K, 0% used [0x00000000d6d80000,0x00000000d6d80000,0x00000000d6e80000)
 ParOldGen       total 91648K, used 77050K [0x0000000080000000, 0x0000000085980000, 0x00000000d5580000)
  object space 91648K, 84% used [0x0000000080000000,0x0000000084b3e888,0x0000000085980000)
 Metaspace       used 58698K, committed 60224K, reserved 1114112K
  class space    used 6261K, committed 6912K, reserved 1048576K
}
Event: 26.536 GC heap before
{Heap before GC invocations=63 (full 4):
 PSYoungGen      total 25600K, used 25154K [0x00000000d5580000, 0x00000000d6f80000, 0x0000000100000000)
  eden space 24576K, 100% used [0x00000000d5580000,0x00000000d6d80000,0x00000000d6d80000)
  from space 1024K, 56% used [0x00000000d6e80000,0x00000000d6f10818,0x00000000d6f80000)
  to   space 1024K, 0% used [0x00000000d6d80000,0x00000000d6d80000,0x00000000d6e80000)
 ParOldGen       total 91648K, used 77050K [0x0000000080000000, 0x0000000085980000, 0x00000000d5580000)
  object space 91648K, 84% used [0x0000000080000000,0x0000000084b3e888,0x0000000085980000)
 Metaspace       used 58745K, committed 60224K, reserved 1114112K
  class space    used 6265K, committed 6912K, reserved 1048576K
}
Event: 26.538 GC heap after
{Heap after GC invocations=63 (full 4):
 PSYoungGen      total 25600K, used 854K [0x00000000d5580000, 0x00000000d7300000, 0x0000000100000000)
  eden space 24576K, 0% used [0x00000000d5580000,0x00000000d5580000,0x00000000d6d80000)
  from space 1024K, 83% used [0x00000000d6d80000,0x00000000d6e55ac0,0x00000000d6e80000)
  to   space 1024K, 0% used [0x00000000d7200000,0x00000000d7200000,0x00000000d7300000)
 ParOldGen       total 91648K, used 77429K [0x0000000080000000, 0x0000000085980000, 0x00000000d5580000)
  object space 91648K, 84% used [0x0000000080000000,0x0000000084b9d4f0,0x0000000085980000)
 Metaspace       used 58745K, committed 60224K, reserved 1114112K
  class space    used 6265K, committed 6912K, reserved 1048576K
}
Event: 26.629 GC heap before
{Heap before GC invocations=64 (full 4):
 PSYoungGen      total 25600K, used 25430K [0x00000000d5580000, 0x00000000d7300000, 0x0000000100000000)
  eden space 24576K, 100% used [0x00000000d5580000,0x00000000d6d80000,0x00000000d6d80000)
  from space 1024K, 83% used [0x00000000d6d80000,0x00000000d6e55ac0,0x00000000d6e80000)
  to   space 1024K, 0% used [0x00000000d7200000,0x00000000d7200000,0x00000000d7300000)
 ParOldGen       total 91648K, used 77429K [0x0000000080000000, 0x0000000085980000, 0x00000000d5580000)
  object space 91648K, 84% used [0x0000000080000000,0x0000000084b9d4f0,0x0000000085980000)
 Metaspace       used 58816K, committed 60352K, reserved 1114112K
  class space    used 6270K, committed 6912K, reserved 1048576K
}
Event: 26.643 GC heap after
{Heap after GC invocations=64 (full 4):
 PSYoungGen      total 24064K, used 1017K [0x00000000d5580000, 0x00000000d7c80000, 0x0000000100000000)
  eden space 23040K, 0% used [0x00000000d5580000,0x00000000d5580000,0x00000000d6c00000)
  from space 1024K, 99% used [0x00000000d7200000,0x00000000d72fe430,0x00000000d7300000)
  to   space 6144K, 0% used [0x00000000d6c00000,0x00000000d6c00000,0x00000000d7200000)
 ParOldGen       total 91648K, used 81613K [0x0000000080000000, 0x0000000085980000, 0x00000000d5580000)
  object space 91648K, 89% used [0x0000000080000000,0x0000000084fb37f0,0x0000000085980000)
 Metaspace       used 58816K, committed 60352K, reserved 1114112K
  class space    used 6270K, committed 6912K, reserved 1048576K
}
Event: 26.693 GC heap before
{Heap before GC invocations=65 (full 4):
 PSYoungGen      total 24064K, used 24057K [0x00000000d5580000, 0x00000000d7c80000, 0x0000000100000000)
  eden space 23040K, 100% used [0x00000000d5580000,0x00000000d6c00000,0x00000000d6c00000)
  from space 1024K, 99% used [0x00000000d7200000,0x00000000d72fe430,0x00000000d7300000)
  to   space 6144K, 0% used [0x00000000d6c00000,0x00000000d6c00000,0x00000000d7200000)
 ParOldGen       total 91648K, used 81613K [0x0000000080000000, 0x0000000085980000, 0x00000000d5580000)
  object space 91648K, 89% used [0x0000000080000000,0x0000000084fb37f0,0x0000000085980000)
 Metaspace       used 58986K, committed 60480K, reserved 1114112K
  class space    used 6282K, committed 6912K, reserved 1048576K
}
Event: 26.713 GC heap after
{Heap after GC invocations=65 (full 4):
 PSYoungGen      total 29184K, used 6144K [0x00000000d5580000, 0x00000000d7c80000, 0x0000000100000000)
  eden space 23040K, 0% used [0x00000000d5580000,0x00000000d5580000,0x00000000d6c00000)
  from space 6144K, 100% used [0x00000000d6c00000,0x00000000d7200000,0x00000000d7200000)
  to   space 1024K, 0% used [0x00000000d7200000,0x00000000d7200000,0x00000000d7300000)
 ParOldGen       total 91648K, used 85541K [0x0000000080000000, 0x0000000085980000, 0x00000000d5580000)
  object space 91648K, 93% used [0x0000000080000000,0x0000000085389528,0x0000000085980000)
 Metaspace       used 58986K, committed 60480K, reserved 1114112K
  class space    used 6282K, committed 6912K, reserved 1048576K
}
Event: 26.762 GC heap before
{Heap before GC invocations=66 (full 4):
 PSYoungGen      total 29184K, used 29184K [0x00000000d5580000, 0x00000000d7c80000, 0x0000000100000000)
  eden space 23040K, 100% used [0x00000000d5580000,0x00000000d6c00000,0x00000000d6c00000)
  from space 6144K, 100% used [0x00000000d6c00000,0x00000000d7200000,0x00000000d7200000)
  to   space 1024K, 0% used [0x00000000d7200000,0x00000000d7200000,0x00000000d7300000)
 ParOldGen       total 91648K, used 85541K [0x0000000080000000, 0x0000000085980000, 0x00000000d5580000)
  object space 91648K, 93% used [0x0000000080000000,0x0000000085389528,0x0000000085980000)
 Metaspace       used 59069K, committed 60544K, reserved 1114112K
  class space    used 6294K, committed 6912K, reserved 1048576K
}

