# JRE version: OpenJDK Runtime Environment Temurin-21.0.8+9 (21.0.8+9) (build 21.0.8+9-LTS)
# Java VM: OpenJDK 64-Bit Server VM Temurin-21.0.8+9 (21.0.8+9-LTS, mixed mode, sharing, tiered, compressed oops, compressed class ptrs, parallel gc, windows-amd64)
GC Precious Log:
 CardTable entry size: 512
 CPUs: 8 total, 8 available
 Memory: 11972M
 Large Page Support: Disabled
 NUMA Support: Disabled
 Compressed Oops: Enabled (32-bit)
 Alignments: Space 512K, Generation 512K, Heap 2M
 Heap Min Capacity: 100M
 Heap Initial Capacity: 100M
 Heap Max Capacity: 2G
 Pre-touch: Disabled
 Parallel Workers: 8
Heap:
 PSYoungGen      total 9216K, used 5400K [0x00000000d5580000, 0x00000000d6000000, 0x0000000100000000)
  eden space 8192K, 54% used [0x00000000d5580000,0x00000000d59de188,0x00000000d5d80000)
  from space 1024K, 90% used [0x00000000d5f00000,0x00000000d5fe8040,0x00000000d6000000)
  to   space 1024K, 0% used [0x00000000d5e00000,0x00000000d5e00000,0x00000000d5f00000)
 ParOldGen       total 146432K, used 146203K [0x0000000080000000, 0x0000000088f00000, 0x00000000d5580000)
  object space 146432K, 99% used [0x0000000080000000,0x0000000088ec6e40,0x0000000088f00000)
 Metaspace       used 45337K, committed 46400K, reserved 1114112K
  class space    used 4244K, committed 4736K, reserved 1048576K
GC Heap History (20 events):
Event: 24.759 GC heap before
{Heap before GC invocations=114 (full 2):
 PSYoungGen      total 11264K, used 10768K [0x00000000d5580000, 0x00000000d6280000, 0x0000000100000000)
  eden space 9216K, 100% used [0x00000000d5580000,0x00000000d5e80000,0x00000000d5e80000)
  from space 2048K, 75% used [0x00000000d5e80000,0x00000000d6004030,0x00000000d6080000)
  to   space 2048K, 0% used [0x00000000d6080000,0x00000000d6080000,0x00000000d6280000)
 ParOldGen       total 135680K, used 135599K [0x0000000080000000, 0x0000000088480000, 0x00000000d5580000)
  object space 135680K, 99% used [0x0000000080000000,0x000000008846bf08,0x0000000088480000)
 Metaspace       used 45329K, committed 46400K, reserved 1114112K
  class space    used 4244K, committed 4736K, reserved 1048576K
}
Event: 24.762 GC heap after
{Heap after GC invocations=114 (full 2):
 PSYoungGen      total 10752K, used 1296K [0x00000000d5580000, 0x00000000d6200000, 0x0000000100000000)
  eden space 9216K, 0% used [0x00000000d5580000,0x00000000d5580000,0x00000000d5e80000)
  from space 1536K, 84% used [0x00000000d6080000,0x00000000d61c4030,0x00000000d6200000)
  to   space 1536K, 0% used [0x00000000d5f00000,0x00000000d5f00000,0x00000000d6080000)
 ParOldGen       total 137216K, used 137009K [0x0000000080000000, 0x0000000088600000, 0x00000000d5580000)
  object space 137216K, 99% used [0x0000000080000000,0x00000000885cc408,0x0000000088600000)
 Metaspace       used 45329K, committed 46400K, reserved 1114112K
  class space    used 4244K, committed 4736K, reserved 1048576K
}
Event: 24.787 GC heap before
{Heap before GC invocations=115 (full 2):
 PSYoungGen      total 10752K, used 10512K [0x00000000d5580000, 0x00000000d6200000, 0x0000000100000000)
  eden space 9216K, 100% used [0x00000000d5580000,0x00000000d5e80000,0x00000000d5e80000)
  from space 1536K, 84% used [0x00000000d6080000,0x00000000d61c4030,0x00000000d6200000)
  to   space 1536K, 0% used [0x00000000d5f00000,0x00000000d5f00000,0x00000000d6080000)
 ParOldGen       total 137216K, used 137009K [0x0000000080000000, 0x0000000088600000, 0x00000000d5580000)
  object space 137216K, 99% used [0x0000000080000000,0x00000000885cc408,0x0000000088600000)
 Metaspace       used 45329K, committed 46400K, reserved 1114112K
  class space    used 4244K, committed 4736K, reserved 1048576K
}
Event: 24.789 GC heap after
{Heap after GC invocations=115 (full 2):
 PSYoungGen      total 9728K, used 288K [0x00000000d5580000, 0x00000000d6100000, 0x0000000100000000)
  eden space 9216K, 0% used [0x00000000d5580000,0x00000000d5580000,0x00000000d5e80000)
  from space 512K, 56% used [0x00000000d5f00000,0x00000000d5f48000,0x00000000d5f80000)
  to   space 1024K, 0% used [0x00000000d6000000,0x00000000d6000000,0x00000000d6100000)
 ParOldGen       total 138240K, used 138121K [0x0000000080000000, 0x0000000088700000, 0x00000000d5580000)
  object space 138240K, 99% used [0x0000000080000000,0x00000000886e2488,0x0000000088700000)
 Metaspace       used 45329K, committed 46400K, reserved 1114112K
  class space    used 4244K, committed 4736K, reserved 1048576K
}
Event: 24.872 GC heap before
{Heap before GC invocations=116 (full 2):
 PSYoungGen      total 9728K, used 9504K [0x00000000d5580000, 0x00000000d6100000, 0x0000000100000000)
  eden space 9216K, 100% used [0x00000000d5580000,0x00000000d5e80000,0x00000000d5e80000)
  from space 512K, 56% used [0x00000000d5f00000,0x00000000d5f48000,0x00000000d5f80000)
  to   space 1024K, 0% used [0x00000000d6000000,0x00000000d6000000,0x00000000d6100000)
 ParOldGen       total 138240K, used 138121K [0x0000000080000000, 0x0000000088700000, 0x00000000d5580000)
  object space 138240K, 99% used [0x0000000080000000,0x00000000886e2488,0x0000000088700000)
 Metaspace       used 45332K, committed 46400K, reserved 1114112K
  class space    used 4244K, committed 4736K, reserved 1048576K
}
Event: 24.874 GC heap after
{Heap after GC invocations=116 (full 2):
 PSYoungGen      total 10240K, used 752K [0x00000000d5580000, 0x00000000d6100000, 0x0000000100000000)
  eden space 9216K, 0% used [0x00000000d5580000,0x00000000d5580000,0x00000000d5e80000)
  from space 1024K, 73% used [0x00000000d6000000,0x00000000d60bc010,0x00000000d6100000)
  to   space 1024K, 0% used [0x00000000d5f00000,0x00000000d5f00000,0x00000000d6000000)
 ParOldGen       total 138240K, used 138137K [0x0000000080000000, 0x0000000088700000, 0x00000000d5580000)
  object space 138240K, 99% used [0x0000000080000000,0x00000000886e6488,0x0000000088700000)
 Metaspace       used 45332K, committed 46400K, reserved 1114112K
  class space    used 4244K, committed 4736K, reserved 1048576K
}
Event: 24.965 GC heap before
{Heap before GC invocations=117 (full 2):
 PSYoungGen      total 10240K, used 9968K [0x00000000d5580000, 0x00000000d6100000, 0x0000000100000000)
  eden space 9216K, 100% used [0x00000000d5580000,0x00000000d5e80000,0x00000000d5e80000)
  from space 1024K, 73% used [0x00000000d6000000,0x00000000d60bc010,0x00000000d6100000)
  to   space 1024K, 0% used [0x00000000d5f00000,0x00000000d5f00000,0x00000000d6000000)
 ParOldGen       total 138240K, used 138137K [0x0000000080000000, 0x0000000088700000, 0x00000000d5580000)
  object space 138240K, 99% used [0x0000000080000000,0x00000000886e6488,0x0000000088700000)
 Metaspace       used 45333K, committed 46400K, reserved 1114112K
  class space    used 4244K, committed 4736K, reserved 1048576K
}
Event: 24.967 GC heap after
{Heap after GC invocations=117 (full 2):
 PSYoungGen      total 10240K, used 800K [0x00000000d5580000, 0x00000000d6080000, 0x0000000100000000)
  eden space 9216K, 0% used [0x00000000d5580000,0x00000000d5580000,0x00000000d5e80000)
  from space 1024K, 78% used [0x00000000d5f00000,0x00000000d5fc8020,0x00000000d6000000)
  to   space 512K, 0% used [0x00000000d6000000,0x00000000d6000000,0x00000000d6080000)
 ParOldGen       total 138752K, used 138743K [0x0000000080000000, 0x0000000088780000, 0x00000000d5580000)
  object space 138752K, 99% used [0x0000000080000000,0x000000008877def8,0x0000000088780000)
 Metaspace       used 45333K, committed 46400K, reserved 1114112K
  class space    used 4244K, committed 4736K, reserved 1048576K
}
Event: 25.003 GC heap before
{Heap before GC invocations=118 (full 2):
 PSYoungGen      total 10240K, used 10016K [0x00000000d5580000, 0x00000000d6080000, 0x0000000100000000)
  eden space 9216K, 100% used [0x00000000d5580000,0x00000000d5e80000,0x00000000d5e80000)
  from space 1024K, 78% used [0x00000000d5f00000,0x00000000d5fc8020,0x00000000d6000000)
  to   space 512K, 0% used [0x00000000d6000000,0x00000000d6000000,0x00000000d6080000)
 ParOldGen       total 138752K, used 138743K [0x0000000080000000, 0x0000000088780000, 0x00000000d5580000)
  object space 138752K, 99% used [0x0000000080000000,0x000000008877def8,0x0000000088780000)
 Metaspace       used 45333K, committed 46400K, reserved 1114112K
  class space    used 4244K, committed 4736K, reserved 1048576K
}
Event: 25.005 GC heap after
{Heap after GC invocations=118 (full 2):
 PSYoungGen      total 8704K, used 496K [0x00000000d5580000, 0x00000000d6380000, 0x0000000100000000)
  eden space 8192K, 0% used [0x00000000d5580000,0x00000000d5580000,0x00000000d5d80000)
  from space 512K, 96% used [0x00000000d6000000,0x00000000d607c010,0x00000000d6080000)
  to   space 2560K, 0% used [0x00000000d5d80000,0x00000000d5d80000,0x00000000d6000000)
 ParOldGen       total 140288K, used 140151K [0x0000000080000000, 0x0000000088900000, 0x00000000d5580000)
  object space 140288K, 99% used [0x0000000080000000,0x00000000888ddd30,0x0000000088900000)
 Metaspace       used 45333K, committed 46400K, reserved 1114112K
  class space    used 4244K, committed 4736K, reserved 1048576K
}
Event: 25.074 GC heap before
{Heap before GC invocations=119 (full 2):
 PSYoungGen      total 8704K, used 8688K [0x00000000d5580000, 0x00000000d6380000, 0x0000000100000000)
  eden space 8192K, 100% used [0x00000000d5580000,0x00000000d5d80000,0x00000000d5d80000)
  from space 512K, 96% used [0x00000000d6000000,0x00000000d607c010,0x00000000d6080000)
  to   space 2560K, 0% used [0x00000000d5d80000,0x00000000d5d80000,0x00000000d6000000)
 ParOldGen       total 140288K, used 140151K [0x0000000080000000, 0x0000000088900000, 0x00000000d5580000)
  object space 140288K, 99% used [0x0000000080000000,0x00000000888ddd30,0x0000000088900000)
 Metaspace       used 45334K, committed 46400K, reserved 1114112K
  class space    used 4244K, committed 4736K, reserved 1048576K
}
Event: 25.078 GC heap after
{Heap after GC invocations=119 (full 2):
 PSYoungGen      total 9728K, used 1488K [0x00000000d5580000, 0x00000000d6180000, 0x0000000100000000)
  eden space 8192K, 0% used [0x00000000d5580000,0x00000000d5580000,0x00000000d5d80000)
  from space 1536K, 96% used [0x00000000d5d80000,0x00000000d5ef4030,0x00000000d5f00000)
  to   space 2048K, 0% used [0x00000000d5f80000,0x00000000d5f80000,0x00000000d6180000)
 ParOldGen       total 140800K, used 140644K [0x0000000080000000, 0x0000000088980000, 0x00000000d5580000)
  object space 140800K, 99% used [0x0000000080000000,0x00000000889591c0,0x0000000088980000)
 Metaspace       used 45334K, committed 46400K, reserved 1114112K
  class space    used 4244K, committed 4736K, reserved 1048576K
}
Event: 25.115 GC heap before
{Heap before GC invocations=120 (full 2):
 PSYoungGen      total 9728K, used 9680K [0x00000000d5580000, 0x00000000d6180000, 0x0000000100000000)
  eden space 8192K, 100% used [0x00000000d5580000,0x00000000d5d80000,0x00000000d5d80000)
  from space 1536K, 96% used [0x00000000d5d80000,0x00000000d5ef4030,0x00000000d5f00000)
  to   space 2048K, 0% used [0x00000000d5f80000,0x00000000d5f80000,0x00000000d6180000)
 ParOldGen       total 140800K, used 140644K [0x0000000080000000, 0x0000000088980000, 0x00000000d5580000)
  object space 140800K, 99% used [0x0000000080000000,0x00000000889591c0,0x0000000088980000)
 Metaspace       used 45334K, committed 46400K, reserved 1114112K
  class space    used 4244K, committed 4736K, reserved 1048576K
}
Event: 25.118 GC heap after
{Heap after GC invocations=120 (full 2):
 PSYoungGen      total 10240K, used 1552K [0x00000000d5580000, 0x00000000d6180000, 0x0000000100000000)
  eden space 8192K, 0% used [0x00000000d5580000,0x00000000d5580000,0x00000000d5d80000)
  from space 2048K, 75% used [0x00000000d5f80000,0x00000000d6104010,0x00000000d6180000)
  to   space 2048K, 0% used [0x00000000d5d80000,0x00000000d5d80000,0x00000000d5f80000)
 ParOldGen       total 142336K, used 141927K [0x0000000080000000, 0x0000000088b00000, 0x00000000d5580000)
  object space 142336K, 99% used [0x0000000080000000,0x0000000088a99eb8,0x0000000088b00000)
 Metaspace       used 45334K, committed 46400K, reserved 1114112K
  class space    used 4244K, committed 4736K, reserved 1048576K
}
Event: 25.205 GC heap before
{Heap before GC invocations=121 (full 2):
 PSYoungGen      total 10240K, used 9744K [0x00000000d5580000, 0x00000000d6180000, 0x0000000100000000)
  eden space 8192K, 100% used [0x00000000d5580000,0x00000000d5d80000,0x00000000d5d80000)
  from space 2048K, 75% used [0x00000000d5f80000,0x00000000d6104010,0x00000000d6180000)
  to   space 2048K, 0% used [0x00000000d5d80000,0x00000000d5d80000,0x00000000d5f80000)
 ParOldGen       total 142336K, used 141927K [0x0000000080000000, 0x0000000088b00000, 0x00000000d5580000)
  object space 142336K, 99% used [0x0000000080000000,0x0000000088a99eb8,0x0000000088b00000)
 Metaspace       used 45335K, committed 46400K, reserved 1114112K
  class space    used 4244K, committed 4736K, reserved 1048576K
}
Event: 25.207 GC heap after
{Heap after GC invocations=121 (full 2):
 PSYoungGen      total 9216K, used 864K [0x00000000d5580000, 0x00000000d6080000, 0x0000000100000000)
  eden space 8192K, 0% used [0x00000000d5580000,0x00000000d5580000,0x00000000d5d80000)
  from space 1024K, 84% used [0x00000000d5d80000,0x00000000d5e58020,0x00000000d5e80000)
  to   space 1536K, 0% used [0x00000000d5f00000,0x00000000d5f00000,0x00000000d6080000)
 ParOldGen       total 143872K, used 143396K [0x0000000080000000, 0x0000000088c80000, 0x00000000d5580000)
  object space 143872K, 99% used [0x0000000080000000,0x0000000088c090c8,0x0000000088c80000)
 Metaspace       used 45335K, committed 46400K, reserved 1114112K
  class space    used 4244K, committed 4736K, reserved 1048576K
}
Event: 25.285 GC heap before
{Heap before GC invocations=122 (full 2):
 PSYoungGen      total 9216K, used 9056K [0x00000000d5580000, 0x00000000d6080000, 0x0000000100000000)
  eden space 8192K, 100% used [0x00000000d5580000,0x00000000d5d80000,0x00000000d5d80000)
  from space 1024K, 84% used [0x00000000d5d80000,0x00000000d5e58020,0x00000000d5e80000)
  to   space 1536K, 0% used [0x00000000d5f00000,0x00000000d5f00000,0x00000000d6080000)
 ParOldGen       total 143872K, used 143396K [0x0000000080000000, 0x0000000088c80000, 0x00000000d5580000)
  object space 143872K, 99% used [0x0000000080000000,0x0000000088c090c8,0x0000000088c80000)
 Metaspace       used 45337K, committed 46400K, reserved 1114112K
  class space    used 4244K, committed 4736K, reserved 1048576K
}
Event: 25.289 GC heap after
{Heap after GC invocations=122 (full 2):
 PSYoungGen      total 9728K, used 1408K [0x00000000d5580000, 0x00000000d6080000, 0x0000000100000000)
  eden space 8192K, 0% used [0x00000000d5580000,0x00000000d5580000,0x00000000d5d80000)
  from space 1536K, 91% used [0x00000000d5f00000,0x00000000d6060020,0x00000000d6080000)
  to   space 1536K, 0% used [0x00000000d5d80000,0x00000000d5d80000,0x00000000d5f00000)
 ParOldGen       total 144384K, used 144127K [0x0000000080000000, 0x0000000088d00000, 0x00000000d5580000)
  object space 144384K, 99% used [0x0000000080000000,0x0000000088cbfcf8,0x0000000088d00000)
 Metaspace       used 45337K, committed 46400K, reserved 1114112K
  class space    used 4244K, committed 4736K, reserved 1048576K
}
Event: 25.304 GC heap before
{Heap before GC invocations=123 (full 2):
 PSYoungGen      total 9728K, used 9600K [0x00000000d5580000, 0x00000000d6080000, 0x0000000100000000)
  eden space 8192K, 100% used [0x00000000d5580000,0x00000000d5d80000,0x00000000d5d80000)
  from space 1536K, 91% used [0x00000000d5f00000,0x00000000d6060020,0x00000000d6080000)
  to   space 1536K, 0% used [0x00000000d5d80000,0x00000000d5d80000,0x00000000d5f00000)
 ParOldGen       total 144384K, used 144127K [0x0000000080000000, 0x0000000088d00000, 0x00000000d5580000)
  object space 144384K, 99% used [0x0000000080000000,0x0000000088cbfcf8,0x0000000088d00000)
 Metaspace       used 45337K, committed 46400K, reserved 1114112K
  class space    used 4244K, committed 4736K, reserved 1048576K
}
Event: 25.308 GC heap after
{Heap after GC invocations=123 (full 2):
 PSYoungGen      total 9728K, used 896K [0x00000000d5580000, 0x00000000d6080000, 0x0000000100000000)
  eden space 8192K, 0% used [0x00000000d5580000,0x00000000d5580000,0x00000000d5d80000)
  from space 1536K, 58% used [0x00000000d5d80000,0x00000000d5e60040,0x00000000d5f00000)
  to   space 1536K, 0% used [0x00000000d5f00000,0x00000000d5f00000,0x00000000d6080000)
 ParOldGen       total 145920K, used 145419K [0x0000000080000000, 0x0000000088e80000, 0x00000000d5580000)
  object space 145920K, 99% used [0x0000000080000000,0x0000000088e02de0,0x0000000088e80000)
 Metaspace       used 45337K, committed 46400K, reserved 1114112K
  class space    used 4244K, committed 4736K, reserved 1048576K
}

